This is LuaHBTeX, Version 1.24.0 (MiKTeX 25.12) (format=lualatex 2026.1.22)  31 MAY 2026 21:57
 restricted system commands enabled.
**main.tex
(./main.tex
LaTeX2e <2025-11-01>
L3 programming layer <2025-12-24>
Lua module: luaotfload 2024-12-03 v3.29 Lua based OpenType font support
Lua module: lualibs 2023-07-13 v2.76 ConTeXt Lua standard libraries.
Lua module: lualibs-extended 2023-07-13 v2.76 ConTeXt Lua libraries -- extended 
collection.
luaotfload | conf : Root cache directory is "C:/Users/moudy/AppData/Local/MiKTeX
/luatex-cache/generic/names".
luaotfload | init : Loading fontloader "fontloader-2023-12-28.lua" from kpse-res
olved path "C:/Users/moudy/AppData/Local/Programs/MiKTeX/tex/luatex/luaotfload/f
ontloader-2023-12-28.lua".
Lua-only attribute luaotfload@noligature = 1
luaotfload | init : Context OpenType loader version 3.134
Inserting `luaotfload.node_processor' in `pre_linebreak_filter'.
Inserting `luaotfload.node_processor' in `hpack_filter'.
Inserting `luaotfload.glyph_stream' in `glyph_stream_provider'.
Inserting `luaotfload.define_font' in `define_font'.
Lua-only attribute luaotfload_color_attribute = 2
luaotfload | conf : Root cache directory is "C:/Users/moudy/AppData/Local/MiKTeX
/luatex-cache/generic/names".
Inserting `luaotfload.harf.strip_prefix' in `find_opentype_file'.
Inserting `luaotfload.harf.strip_prefix' in `find_truetype_file'.
Removing  `luaotfload.glyph_stream' from `glyph_stream_provider'.
Inserting `luaotfload.harf.glyphstream' in `glyph_stream_provider'.
Inserting `luaotfload.harf.finalize_vlist' in `post_linebreak_filter'.
Inserting `luaotfload.harf.finalize_hlist' in `hpack_filter'.
Inserting `luaotfload.cleanup_files' in `wrapup_run'.
Inserting `luaotfload.harf.finalize_unicode' in `finish_pdffile'.
Inserting `luaotfload.glyphinfo' in `glyph_info'.
Lua-only attribute luaotfload.letterspace_done = 3
Inserting `luaotfload.aux.set_sscale_dimens' in `luaotfload.patch_font'.
Inserting `luaotfload.aux.set_font_index' in `luaotfload.patch_font'.
Inserting `luaotfload.aux.patch_cambria_domh' in `luaotfload.patch_font'.
Inserting `luaotfload.aux.fixup_fontdata' in `luaotfload.patch_font_unsafe'.
Inserting `luaotfload.aux.set_capheight' in `luaotfload.patch_font'.
Inserting `luaotfload.aux.set_xheight' in `luaotfload.patch_font'.
Inserting `luaotfload.rewrite_fontname' in `luaotfload.patch_font'.
Inserting `tracingstacklevels' in `input_level_string'. (./tubsCD/tubscd.cls
Document Class: tubsCD/tubscd 2026/01/09~2.0
(C:/Users/moudy/AppData/Local/Programs/MiKTeX/tex/latex/etoolbox/etoolbox.sty
Package: etoolbox 2025/10/02 v2.5m e-TeX tools for LaTeX (JAW)
\etb@tempcnta=\count273
)
(C:/Users/moudy/AppData/Local/Programs/MiKTeX/tex/latex/kvoptions/kvoptions.sty
Package: kvoptions 2022-06-15 v3.15 Key value format for package options (HO)
(C:/Users/moudy/AppData/Local/Programs/MiKTeX/tex/latex/graphics/keyval.sty
Package: keyval 2022/05/29 v1.15 key=value parser (DPC)
\KV@toks@=\toks17
)
(C:/Users/moudy/AppData/Local/Programs/MiKTeX/tex/generic/ltxcmds/ltxcmds.sty
Package: ltxcmds 2023-12-04 v1.26 LaTeX kernel commands for general use (HO)
)
(C:/Users/moudy/AppData/Local/Programs/MiKTeX/tex/latex/kvsetkeys/kvsetkeys.sty
Package: kvsetkeys 2022-10-05 v1.19 Key value parser (HO)
)) (C:/Users/moudy/AppData/Local/Programs/MiKTeX/tex/latex/silence/silence.sty
Package: silence 2012/07/02 v1.5b Selective filtering of warnings and error mes
sages
\sl@Save=\count274
\sl@StateNumber=\count275
\sl@MessageCount=\count276
\sl@Casualties=\count277
\sl@Filter=\toks18
\sl@Message=\toks19
\sl@UnexpandedMessage=\toks20
\sl@Mess@ge=\toks21
\sl@WarningCount=\count278
\sl@WarningNumber=\count279
\sl@WarningCasualties=\count280
\sl@TempBOW=\toks22
\sl@BankOfWarnings=\toks23
LaTeX Info: Redefining \GenericWarning on input line 433.
\sl@ErrorCount=\count281
\sl@ErrorNumber=\count282
\sl@ErrorCasualties=\count283
\sl@TempBOE=\toks24
\sl@BankOfErrors=\toks25
LaTeX Info: Redefining \GenericError on input line 601.
) (C:/Users/moudy/AppData/Local/Programs/MiKTeX/tex/generic/babel/babel.sty
Package: babel 2025/12/11 v25.17 The multilingual framework for LuaLaTeX, pdfLa
TeX and XeLaTeX

(C:/Users/moudy/AppData/Local/Programs/MiKTeX/tex/generic/babel/luababel.def
\bbl@readstream=\read2
\l@afrikaans=\language2
Package babel Info: Non-standard hyphenation setup on input line 118.
\l@ancientgreek=\language3
\l@armenian=\language4
\l@assamese=\language5
\l@basque=\language6
\l@belarusian=\language7
\l@bengali=\language8
\l@bokmal=\language9
\l@bulgarian=\language10
\l@catalan=\language11
\l@churchslavonic=\language12
\l@classiclatin=\language13
\l@coptic=\language14
\l@croatian=\language15
\l@czech=\language16
\l@danish=\language17
\l@dutch=\language18
\l@esperanto=\language19
\l@estonian=\language20
\l@ethiopic=\language21
\l@finnish=\language22
\l@french=\language23
\l@friulan=\language24
\l@galician=\language25
\l@georgian=\language26
\l@german=\language27
\l@greek=\language28
\l@gujarati=\language29
\l@hindi=\language30
\l@hungarian=\language31
\l@icelandic=\language32
\l@indonesian=\language33
\l@interlingua=\language34
\l@irish=\language35
\l@italian=\language36
\l@kannada=\language37
\l@kurmanji=\language38
\l@latin=\language39
\l@latvian=\language40
\l@lithuanian=\language41
\l@liturgicallatin=\language42
\l@macedonian=\language43
\l@malayalam=\language44
\l@marathi=\language45
\l@mongolian=\language46
\l@mongolianlmc=\language47
\l@monogreek=\language48
\l@ngerman=\language49
\l@nynorsk=\language50
\l@occitan=\language51
\l@oriya=\language52
\l@pali=\language53
\l@panjabi=\language54
\l@piedmontese=\language55
\l@polish=\language56
\l@portuguese=\language57
\l@romanian=\language58
\l@romansh=\language59
\l@russian=\language60
\l@sanskrit=\language61
\l@serbian=\language62
\l@serbianc=\language63
\l@slovak=\language64
\l@slovenian=\language65
\l@spanish=\language66
\l@swedish=\language67
\l@swissgerman=\language68
\l@tamil=\language69
\l@telugu=\language70
\l@thai=\language71
\l@turkish=\language72
\l@turkmen=\language73
\l@ukenglish=\language74
\l@ukrainian=\language75
\l@uppersorbian=\language76
\l@usenglishmax=\language77
\l@welsh=\language78
\babelcatcodetablenum=\catcodetable14
\bbl@pattcodes=\catcodetable15
)
\babel@savecnt=\count284
LaTeX Encoding Info:    Redeclaring text command \ij (encoding OT1) on input li
ne 2068.
LaTeX Encoding Info:    Redeclaring text command \IJ (encoding OT1) on input li
ne 2070.
LaTeX Encoding Info:    Redeclaring text command \ij (encoding T1) on input lin
e 2072.
LaTeX Encoding Info:    Redeclaring text command \IJ (encoding T1) on input lin
e 2073.
LaTeX Encoding Info:    Ignoring declaration for text command \ij (encoding ?) 
on input line 2074.
LaTeX Encoding Info:    Ignoring declaration for text command \IJ (encoding ?) 
on input line 2076.
LaTeX Encoding Info:    Ignoring declaration for text command \SS (encoding ?) 
on input line 2101.
\U@D=\dimen147
\l@unhyphenated=\language79

(C:/Users/moudy/AppData/Local/Programs/MiKTeX/tex/generic/babel/luababel.def
\bbl@attr@locale=\attribute4
)
Package babel Info: Configuration files are deprecated, as
(babel)             they can break document portability.
(babel)             Reported on input line 4196.

*************************************
* Local config file bblopts.cfg used
*
(C:/Users/moudy/AppData/Local/Programs/MiKTeX/tex/latex/arabi/bblopts.cfg
File: bblopts.cfg 2005/09/08 v0.1 add Arabic and Farsi to "declared" options of
 babel
)
(C:/Users/moudy/AppData/Local/Programs/MiKTeX/tex/generic/babel/locale/en/babel
-english.tex)
Package babel Info: Importing font and identification data for english
(babel)             from babel-en.ini. Reported on input line 4320.

(C:/Users/moudy/AppData/Local/Programs/MiKTeX/tex/latex/babel-english/english.l
df
Language: english 2017/06/06 v3.3r English support from the babel system
Package babel Info: Hyphen rules for 'canadian' set to \l@english
(babel)             (\language0). Reported on input line 102.
Package babel Info: Hyphen rules for 'australian' set to \l@ukenglish
(babel)             (\language74). Reported on input line 105.
Package babel Info: Hyphen rules for 'newzealand' set to \l@ukenglish
(babel)             (\language74). Reported on input line 108.
)) (C:/Users/moudy/AppData/Local/Programs/MiKTeX/tex/latex/beamer/beamer.cls
Document Class: beamer 2025/08/13 v3.76 A class for typesetting presentations

(C:/Users/moudy/AppData/Local/Programs/MiKTeX/tex/latex/beamer/beamerbasemodes.
sty
\beamer@tempbox=\box53
\beamer@tempcount=\count285
\c@beamerpauses=\count286

(C:/Users/moudy/AppData/Local/Programs/MiKTeX/tex/latex/beamer/beamerbasedecode
.sty
\beamer@slideinframe=\count287
\beamer@minimum=\count288
\beamer@decode@box=\box54
)
\beamer@commentbox=\box55
\beamer@modecount=\count289
)
(C:/Users/moudy/AppData/Local/Programs/MiKTeX/tex/generic/iftex/iftex.sty
Package: iftex 2024/12/12 v1.0g TeX engine tests
)
\headdp=\dimen148
\footheight=\dimen149
\sidebarheight=\dimen150
\beamer@tempdim=\dimen151
\beamer@finalheight=\dimen152
\beamer@animht=\dimen153
\beamer@animdp=\dimen154
\beamer@animwd=\dimen155
\beamer@leftmargin=\dimen156
\beamer@rightmargin=\dimen157
\beamer@leftsidebar=\dimen158
\beamer@rightsidebar=\dimen159
\beamer@boxsize=\dimen160
\beamer@vboxoffset=\dimen161
\beamer@descdefault=\dimen162
\beamer@descriptionwidth=\dimen163
\beamer@lastskip=\skip49
\beamer@areabox=\box56
\beamer@animcurrent=\box57
\beamer@animshowbox=\box58
\beamer@sectionbox=\box59
\beamer@logobox=\box60
\beamer@linebox=\box61
\beamer@sectioncount=\count290
\beamer@subsubsectionmax=\count291
\beamer@subsectionmax=\count292
\beamer@sectionmax=\count293
\beamer@totalheads=\count294
\beamer@headcounter=\count295
\beamer@partstartpage=\count296
\beamer@sectionstartpage=\count297
\beamer@subsectionstartpage=\count298
\beamer@animationtempa=\count299
\beamer@animationtempb=\count300
\beamer@xpos=\count301
\beamer@ypos=\count302
\beamer@ypos@offset=\count303
\beamer@showpartnumber=\count304
\beamer@currentsubsection=\count305
\beamer@coveringdepth=\count306
\beamer@sectionadjust=\count307
\beamer@toclastsection=\count308
\beamer@tocsectionnumber=\count309

(C:/Users/moudy/AppData/Local/Programs/MiKTeX/tex/latex/beamer/beamerbaseoption
s.sty)
\beamer@paperwidth=\skip50
\beamer@paperheight=\skip51

(C:/Users/moudy/AppData/Local/Programs/MiKTeX/tex/latex/geometry/geometry.sty
Package: geometry 2020/01/02 v5.9 Page Geometry

(C:/Users/moudy/AppData/Local/Programs/MiKTeX/tex/generic/iftex/ifvtex.sty
Package: ifvtex 2019/10/25 v1.7 ifvtex legacy package. Use iftex instead.
)
\Gm@cnth=\count310
\Gm@cntv=\count311
\c@Gm@tempcnt=\count312
\Gm@bindingoffset=\dimen164
\Gm@wd@mp=\dimen165
\Gm@odd@mp=\dimen166
\Gm@even@mp=\dimen167
\Gm@layoutwidth=\dimen168
\Gm@layoutheight=\dimen169
\Gm@layouthoffset=\dimen170
\Gm@layoutvoffset=\dimen171
\Gm@dimlist=\toks26

(C:/Users/moudy/AppData/Local/Programs/MiKTeX/tex/latex/geometry/geometry.cfg)) (C:/Users/moudy/AppData/Local/Programs/MiKTeX/tex/latex/pgf/math/pgfmath.sty
(C:/Users/moudy/AppData/Local/Programs/MiKTeX/tex/latex/pgf/utilities/pgfrcs.st
y
(C:/Users/moudy/AppData/Local/Programs/MiKTeX/tex/generic/pgf/utilities/pgfutil
-common.tex
\pgfutil@everybye=\toks27
\pgfutil@tempdima=\dimen172
\pgfutil@tempdimb=\dimen173
)
(C:/Users/moudy/AppData/Local/Programs/MiKTeX/tex/generic/pgf/utilities/pgfutil
-latex.def
\pgfutil@abb=\box62
)
(C:/Users/moudy/AppData/Local/Programs/MiKTeX/tex/generic/pgf/utilities/pgfrcs.
code.tex
(C:/Users/moudy/AppData/Local/Programs/MiKTeX/tex/generic/pgf/pgf.revision.tex)
Package: pgfrcs 2025-08-29 v3.1.11a (3.1.11a)
))
(C:/Users/moudy/AppData/Local/Programs/MiKTeX/tex/latex/pgf/utilities/pgfkeys.s
ty
(C:/Users/moudy/AppData/Local/Programs/MiKTeX/tex/generic/pgf/utilities/pgfkeys
.code.tex
\pgfkeys@pathtoks=\toks28
\pgfkeys@temptoks=\toks29

(C:/Users/moudy/AppData/Local/Programs/MiKTeX/tex/generic/pgf/utilities/pgfkeys
libraryfiltered.code.tex
\pgfkeys@tmptoks=\toks30
)))
(C:/Users/moudy/AppData/Local/Programs/MiKTeX/tex/generic/pgf/math/pgfmath.code
.tex
(C:/Users/moudy/AppData/Local/Programs/MiKTeX/tex/generic/pgf/math/pgfmathutil.
code.tex
\pgf@x=\dimen174
\pgf@xa=\dimen175
\pgf@xb=\dimen176
\pgf@xc=\dimen177
\pgf@y=\dimen178
\pgf@ya=\dimen179
\pgf@yb=\dimen180
\pgf@yc=\dimen181
\c@pgf@counta=\count313
\c@pgf@countb=\count314
\c@pgf@countc=\count315
\c@pgf@countd=\count316
)
(C:/Users/moudy/AppData/Local/Programs/MiKTeX/tex/generic/pgf/math/pgfmathparse
r.code.tex
\pgfmath@dimen=\dimen182
\pgfmath@count=\count317
\pgfmath@box=\box63
\pgfmath@toks=\toks31
\pgfmath@stack@operand=\toks32
\pgfmath@stack@operation=\toks33
)
(C:/Users/moudy/AppData/Local/Programs/MiKTeX/tex/generic/pgf/math/pgfmathfunct
ions.code.tex)
(C:/Users/moudy/AppData/Local/Programs/MiKTeX/tex/generic/pgf/math/pgfmathfunct
ions.basic.code.tex)
(C:/Users/moudy/AppData/Local/Programs/MiKTeX/tex/generic/pgf/math/pgfmathfunct
ions.trigonometric.code.tex)
(C:/Users/moudy/AppData/Local/Programs/MiKTeX/tex/generic/pgf/math/pgfmathfunct
ions.random.code.tex)
(C:/Users/moudy/AppData/Local/Programs/MiKTeX/tex/generic/pgf/math/pgfmathfunct
ions.comparison.code.tex)
(C:/Users/moudy/AppData/Local/Programs/MiKTeX/tex/generic/pgf/math/pgfmathfunct
ions.base.code.tex)
(C:/Users/moudy/AppData/Local/Programs/MiKTeX/tex/generic/pgf/math/pgfmathfunct
ions.round.code.tex)
(C:/Users/moudy/AppData/Local/Programs/MiKTeX/tex/generic/pgf/math/pgfmathfunct
ions.misc.code.tex)
(C:/Users/moudy/AppData/Local/Programs/MiKTeX/tex/generic/pgf/math/pgfmathfunct
ions.integerarithmetics.code.tex)
(C:/Users/moudy/AppData/Local/Programs/MiKTeX/tex/generic/pgf/math/pgfmathcalc.
code.tex)
(C:/Users/moudy/AppData/Local/Programs/MiKTeX/tex/generic/pgf/math/pgfmathfloat
.code.tex
\c@pgfmathroundto@lastzeros=\count318
)))
(C:/Users/moudy/AppData/Local/Programs/MiKTeX/tex/latex/base/fleqn.clo
File: fleqn.clo 2016/12/29 v1.2b Standard LaTeX option (flush left equations)
\mathindent=\skip52
Applying: [2015/01/01] Make \[ robust on input line 50.
LaTeX Info: Redefining \[ on input line 51.
Already applied: [0000/00/00] Make \[ robust on input line 62.
Applying: [2015/01/01] Make \] robust on input line 74.
LaTeX Info: Redefining \] on input line 75.
Already applied: [0000/00/00] Make \] robust on input line 83.
)
(C:/Users/moudy/AppData/Local/Programs/MiKTeX/tex/latex/base/size11.clo
File: size11.clo 2025/01/22 v1.4n Standard LaTeX file (size option)
luaotfload | db : Font names database loaded from C:/Users/moudy/AppData/Local/M
iKTeX/luatex-cache/generic/names/luaotfload-names.luc.gz)
(C:/Users/moudy/AppData/Local/Programs/MiKTeX/tex/latex/pgf/basiclayer/pgfcore.
sty
(C:/Users/moudy/AppData/Local/Programs/MiKTeX/tex/latex/graphics/graphicx.sty
Package: graphicx 2024/12/31 v1.2e Enhanced LaTeX Graphics (DPC,SPQR)

(C:/Users/moudy/AppData/Local/Programs/MiKTeX/tex/latex/graphics/graphics.sty
Package: graphics 2024/08/06 v1.4g Standard LaTeX Graphics (DPC,SPQR)

(C:/Users/moudy/AppData/Local/Programs/MiKTeX/tex/latex/graphics/trig.sty
Package: trig 2023/12/02 v1.11 sin cos tan (DPC)
)
(C:/Users/moudy/AppData/Local/Programs/MiKTeX/tex/latex/graphics-cfg/graphics.c
fg
File: graphics.cfg 2016/06/04 v1.11 sample graphics configuration
)
Package graphics Info: Driver file: luatex.def on input line 106.

(C:/Users/moudy/AppData/Local/Programs/MiKTeX/tex/latex/graphics-def/luatex.def
File: luatex.def 2025/09/29 v1.2f Graphics/color driver for luatex
))
\Gin@req@height=\dimen183
\Gin@req@width=\dimen184
)
(C:/Users/moudy/AppData/Local/Programs/MiKTeX/tex/latex/pgf/systemlayer/pgfsys.
sty
(C:/Users/moudy/AppData/Local/Programs/MiKTeX/tex/generic/pgf/systemlayer/pgfsy
s.code.tex
Package: pgfsys 2025-08-29 v3.1.11a (3.1.11a)
\pgf@x=\dimen185
\pgf@y=\dimen186
\pgf@xa=\dimen187
\pgf@ya=\dimen188
\pgf@xb=\dimen189
\pgf@yb=\dimen190
\pgf@xc=\dimen191
\pgf@yc=\dimen192
\pgf@xd=\dimen193
\pgf@yd=\dimen194
\w@pgf@writea=\write3
\r@pgf@reada=\read3
\c@pgf@counta=\count319
\c@pgf@countb=\count320
\c@pgf@countc=\count321
\c@pgf@countd=\count322
\t@pgf@toka=\toks34
\t@pgf@tokb=\toks35
\t@pgf@tokc=\toks36
\pgf@sys@id@count=\count323

(C:/Users/moudy/AppData/Local/Programs/MiKTeX/tex/generic/pgf/systemlayer/pgf.c
fg
File: pgf.cfg 2025-08-29 v3.1.11a (3.1.11a)
)
Driver file for pgf: pgfsys-luatex.def

(C:/Users/moudy/AppData/Local/Programs/MiKTeX/tex/generic/pgf/systemlayer/pgfsy
s-luatex.def
File: pgfsys-luatex.def 2025-08-29 v3.1.11a (3.1.11a)

(C:/Users/moudy/AppData/Local/Programs/MiKTeX/tex/generic/pgf/systemlayer/pgfsy
s-common-pdf.def
File: pgfsys-common-pdf.def 2025-08-29 v3.1.11a (3.1.11a)
)))
(C:/Users/moudy/AppData/Local/Programs/MiKTeX/tex/generic/pgf/systemlayer/pgfsy
ssoftpath.code.tex
File: pgfsyssoftpath.code.tex 2025-08-29 v3.1.11a (3.1.11a)
\pgfsyssoftpath@smallbuffer@items=\count324
\pgfsyssoftpath@bigbuffer@items=\count325
)
(C:/Users/moudy/AppData/Local/Programs/MiKTeX/tex/generic/pgf/systemlayer/pgfsy
sprotocol.code.tex
File: pgfsysprotocol.code.tex 2025-08-29 v3.1.11a (3.1.11a)
))
(C:/Users/moudy/AppData/Local/Programs/MiKTeX/tex/latex/xcolor/xcolor.sty
Package: xcolor 2024/09/29 v3.02 LaTeX color extensions (UK)

(C:/Users/moudy/AppData/Local/Programs/MiKTeX/tex/latex/graphics-cfg/color.cfg
File: color.cfg 2016/01/02 v1.6 sample color configuration
)
Package xcolor Info: Driver file: luatex.def on input line 274.
(C:/Users/moudy/AppData/Local/Programs/MiKTeX/tex/latex/graphics/mathcolor.ltx)
Package xcolor Info: Model `cmy' substituted by `cmy0' on input line 1349.
Package xcolor Info: Model `hsb' substituted by `rgb' on input line 1353.
Package xcolor Info: Model `RGB' extended on input line 1365.
Package xcolor Info: Model `HTML' substituted by `rgb' on input line 1367.
Package xcolor Info: Model `Hsb' substituted by `hsb' on input line 1368.
Package xcolor Info: Model `tHsb' substituted by `hsb' on input line 1369.
Package xcolor Info: Model `HSB' substituted by `hsb' on input line 1370.
Package xcolor Info: Model `Gray' substituted by `gray' on input line 1371.
Package xcolor Info: Model `wave' substituted by `hsb' on input line 1372.
)
(C:/Users/moudy/AppData/Local/Programs/MiKTeX/tex/generic/pgf/basiclayer/pgfcor
e.code.tex
Package: pgfcore 2025-08-29 v3.1.11a (3.1.11a)

(C:/Users/moudy/AppData/Local/Programs/MiKTeX/tex/generic/pgf/math/pgfint.code.
tex)
(C:/Users/moudy/AppData/Local/Programs/MiKTeX/tex/generic/pgf/basiclayer/pgfcor
epoints.code.tex
File: pgfcorepoints.code.tex 2025-08-29 v3.1.11a (3.1.11a)
\pgf@picminx=\dimen195
\pgf@picmaxx=\dimen196
\pgf@picminy=\dimen197
\pgf@picmaxy=\dimen198
\pgf@pathminx=\dimen199
\pgf@pathmaxx=\dimen256
\pgf@pathminy=\dimen257
\pgf@pathmaxy=\dimen258
\pgf@xx=\dimen259
\pgf@xy=\dimen260
\pgf@yx=\dimen261
\pgf@yy=\dimen262
\pgf@zx=\dimen263
\pgf@zy=\dimen264
)
(C:/Users/moudy/AppData/Local/Programs/MiKTeX/tex/generic/pgf/basiclayer/pgfcor
epathconstruct.code.tex
File: pgfcorepathconstruct.code.tex 2025-08-29 v3.1.11a (3.1.11a)
\pgf@path@lastx=\dimen265
\pgf@path@lasty=\dimen266
)
(C:/Users/moudy/AppData/Local/Programs/MiKTeX/tex/generic/pgf/basiclayer/pgfcor
epathusage.code.tex
File: pgfcorepathusage.code.tex 2025-08-29 v3.1.11a (3.1.11a)
\pgf@shorten@end@additional=\dimen267
\pgf@shorten@start@additional=\dimen268
)
(C:/Users/moudy/AppData/Local/Programs/MiKTeX/tex/generic/pgf/basiclayer/pgfcor
escopes.code.tex
File: pgfcorescopes.code.tex 2025-08-29 v3.1.11a (3.1.11a)
\pgfpic=\box64
\pgf@hbox=\box65
\pgf@layerbox@main=\box66
\pgf@picture@serial@count=\count326
)
(C:/Users/moudy/AppData/Local/Programs/MiKTeX/tex/generic/pgf/basiclayer/pgfcor
egraphicstate.code.tex
File: pgfcoregraphicstate.code.tex 2025-08-29 v3.1.11a (3.1.11a)
\pgflinewidth=\dimen269
)
(C:/Users/moudy/AppData/Local/Programs/MiKTeX/tex/generic/pgf/basiclayer/pgfcor
etransformations.code.tex
File: pgfcoretransformations.code.tex 2025-08-29 v3.1.11a (3.1.11a)
\pgf@pt@x=\dimen270
\pgf@pt@y=\dimen271
\pgf@pt@temp=\dimen272
)
(C:/Users/moudy/AppData/Local/Programs/MiKTeX/tex/generic/pgf/basiclayer/pgfcor
equick.code.tex
File: pgfcorequick.code.tex 2025-08-29 v3.1.11a (3.1.11a)
)
(C:/Users/moudy/AppData/Local/Programs/MiKTeX/tex/generic/pgf/basiclayer/pgfcor
eobjects.code.tex
File: pgfcoreobjects.code.tex 2025-08-29 v3.1.11a (3.1.11a)
)
(C:/Users/moudy/AppData/Local/Programs/MiKTeX/tex/generic/pgf/basiclayer/pgfcor
epathprocessing.code.tex
File: pgfcorepathprocessing.code.tex 2025-08-29 v3.1.11a (3.1.11a)
)
(C:/Users/moudy/AppData/Local/Programs/MiKTeX/tex/generic/pgf/basiclayer/pgfcor
earrows.code.tex
File: pgfcorearrows.code.tex 2025-08-29 v3.1.11a (3.1.11a)
\pgfarrowsep=\dimen273
)
(C:/Users/moudy/AppData/Local/Programs/MiKTeX/tex/generic/pgf/basiclayer/pgfcor
eshade.code.tex
File: pgfcoreshade.code.tex 2025-08-29 v3.1.11a (3.1.11a)
\pgf@max=\dimen274
\pgf@sys@shading@range@num=\count327
\pgf@shadingcount=\count328
)
(C:/Users/moudy/AppData/Local/Programs/MiKTeX/tex/generic/pgf/basiclayer/pgfcor
eimage.code.tex
File: pgfcoreimage.code.tex 2025-08-29 v3.1.11a (3.1.11a)
)
(C:/Users/moudy/AppData/Local/Programs/MiKTeX/tex/generic/pgf/basiclayer/pgfcor
eexternal.code.tex
File: pgfcoreexternal.code.tex 2025-08-29 v3.1.11a (3.1.11a)
\pgfexternal@startupbox=\box67
)
(C:/Users/moudy/AppData/Local/Programs/MiKTeX/tex/generic/pgf/basiclayer/pgfcor
elayers.code.tex
File: pgfcorelayers.code.tex 2025-08-29 v3.1.11a (3.1.11a)
)
(C:/Users/moudy/AppData/Local/Programs/MiKTeX/tex/generic/pgf/basiclayer/pgfcor
etransparency.code.tex
File: pgfcoretransparency.code.tex 2025-08-29 v3.1.11a (3.1.11a)
)
(C:/Users/moudy/AppData/Local/Programs/MiKTeX/tex/generic/pgf/basiclayer/pgfcor
epatterns.code.tex
File: pgfcorepatterns.code.tex 2025-08-29 v3.1.11a (3.1.11a)
)
(C:/Users/moudy/AppData/Local/Programs/MiKTeX/tex/generic/pgf/basiclayer/pgfcor
erdf.code.tex
File: pgfcorerdf.code.tex 2025-08-29 v3.1.11a (3.1.11a)
)))
(C:/Users/moudy/AppData/Local/Programs/MiKTeX/tex/latex/pgf/utilities/xxcolor.s
ty
Package: xxcolor 2003/10/24 ver 0.1
\XC@nummixins=\count329
\XC@countmixins=\count330
)
(C:/Users/moudy/AppData/Local/Programs/MiKTeX/tex/latex/base/atbegshi-ltx.sty
Package: atbegshi-ltx 2021/01/10 v1.0c Emulation of the original atbegshi
package with kernel methods
)
(C:/Users/moudy/AppData/Local/Programs/MiKTeX/tex/latex/hyperref/hyperref.sty
Package: hyperref 2025-07-12 v7.01o Hypertext links for LaTeX

(C:/Users/moudy/AppData/Local/Programs/MiKTeX/tex/generic/kvdefinekeys/kvdefine
keys.sty
Package: kvdefinekeys 2019-12-19 v1.6 Define keys (HO)
)
(C:/Users/moudy/AppData/Local/Programs/MiKTeX/tex/generic/pdfescape/pdfescape.s
ty
Package: pdfescape 2019/12/09 v1.15 Implements pdfTeX's escape features (HO)

(C:/Users/moudy/AppData/Local/Programs/MiKTeX/tex/generic/pdftexcmds/pdftexcmds
.sty
Package: pdftexcmds 2020-06-27 v0.33 Utility functions of pdfTeX for LuaTeX (HO
)

(C:/Users/moudy/AppData/Local/Programs/MiKTeX/tex/generic/infwarerr/infwarerr.s
ty
Package: infwarerr 2019/12/03 v1.5 Providing info/warning/error messages (HO)
)
Package pdftexcmds Info: \pdf@primitive is available.
Package pdftexcmds Info: \pdf@ifprimitive is available.
Package pdftexcmds Info: \pdfdraftmode found.
\pdftexcmds@toks=\toks37
))
(C:/Users/moudy/AppData/Local/Programs/MiKTeX/tex/latex/hycolor/hycolor.sty
Package: hycolor 2020-01-27 v1.10 Color options for hyperref/bookmark (HO)
)
(C:/Users/moudy/AppData/Local/Programs/MiKTeX/tex/latex/hyperref/nameref.sty
Package: nameref 2025-06-21 v2.57 Cross-referencing by name of section

(C:/Users/moudy/AppData/Local/Programs/MiKTeX/tex/latex/refcount/refcount.sty
Package: refcount 2019/12/15 v3.6 Data extraction from label references (HO)
)
(C:/Users/moudy/AppData/Local/Programs/MiKTeX/tex/generic/gettitlestring/gettit
lestring.sty
Package: gettitlestring 2019/12/15 v1.6 Cleanup title references (HO)
)
\c@section@level=\count331
)
(C:/Users/moudy/AppData/Local/Programs/MiKTeX/tex/generic/stringenc/stringenc.s
ty
Package: stringenc 2019/11/29 v1.12 Convert strings between diff. encodings (HO
)
)
\@linkdim=\dimen275
\Hy@linkcounter=\count332
\Hy@pagecounter=\count333
 (C:/Users/moudy/AppData/Local/Programs/MiKTeX/tex/latex/hyperref/pd1enc.def
File: pd1enc.def 2025-07-12 v7.01o Hyperref: PDFDocEncoding definition (HO)
) (C:/Users/moudy/AppData/Local/Programs/MiKTeX/tex/generic/intcalc/intcalc.sty
Package: intcalc 2019/12/15 v1.3 Expandable calculations with integers (HO)
)
\Hy@SavedSpaceFactor=\count334
 (C:/Users/moudy/AppData/Local/Programs/MiKTeX/tex/latex/hyperref/puenc.def
File: puenc.def 2025-07-12 v7.01o Hyperref: PDF Unicode definition (HO)
)
Package hyperref Info: Option `bookmarks' set `true' on input line 4066.
Package hyperref Info: Option `bookmarksopen' set `true' on input line 4066.
Package hyperref Info: Option `implicit' set `false' on input line 4066.
Package hyperref Info: Hyper figures OFF on input line 4195.
Package hyperref Info: Link nesting OFF on input line 4200.
Package hyperref Info: Hyper index ON on input line 4203.
Package hyperref Info: Plain pages OFF on input line 4210.
Package hyperref Info: Backreferencing OFF on input line 4215.
Package hyperref Info: Implicit mode OFF; no redefinition of LaTeX internals.
Package hyperref Info: Bookmarks ON on input line 4462.
\c@Hy@tempcnt=\count335

(C:/Users/moudy/AppData/Local/Programs/MiKTeX/tex/latex/url/url.sty
\Urlmuskip=\muskip17
Package: url 2013/09/16  ver 3.4  Verb mode for urls, etc.
)
LaTeX Info: Redefining \url on input line 4801.
\XeTeXLinkMargin=\dimen276

(C:/Users/moudy/AppData/Local/Programs/MiKTeX/tex/generic/bitset/bitset.sty
Package: bitset 2019/12/09 v1.3 Handle bit-vector datatype (HO)

(C:/Users/moudy/AppData/Local/Programs/MiKTeX/tex/generic/bigintcalc/bigintcalc
.sty
Package: bigintcalc 2019/12/15 v1.5 Expandable calculations on big integers (HO
)
))
\Fld@menulength=\count336
\Field@Width=\dimen277
\Fld@charsize=\dimen278
Package hyperref Info: Hyper figures OFF on input line 6078.
Package hyperref Info: Link nesting OFF on input line 6083.
Package hyperref Info: Hyper index ON on input line 6086.
Package hyperref Info: backreferencing OFF on input line 6093.
Package hyperref Info: Link coloring OFF on input line 6098.
Package hyperref Info: Link coloring with OCG OFF on input line 6103.
Package hyperref Info: PDF/A mode OFF on input line 6108.
\Hy@abspage=\count337


Package hyperref Message: Stopped early.

)
Package hyperref Info: Driver (autodetected): hluatex.
 (C:/Users/moudy/AppData/Local/Programs/MiKTeX/tex/latex/hyperref/hluatex.def
File: hluatex.def 2025-07-12 v7.01o Hyperref driver for luaTeX
\Fld@listcount=\count338
\c@bookmark@seq@number=\count339

(C:/Users/moudy/AppData/Local/Programs/MiKTeX/tex/latex/rerunfilecheck/rerunfil
echeck.sty
Package: rerunfilecheck 2025-06-21 v1.11 Rerun checks for auxiliary files (HO)

(C:/Users/moudy/AppData/Local/Programs/MiKTeX/tex/generic/uniquecounter/uniquec
ounter.sty
Package: uniquecounter 2019/12/15 v1.4 Provide unlimited unique counter (HO)
)
Package uniquecounter Info: New unique counter `rerunfilecheck' on input line 2
84.
))
(C:/Users/moudy/AppData/Local/Programs/MiKTeX/tex/latex/beamer/beamerbaserequir
es.sty
(C:/Users/moudy/AppData/Local/Programs/MiKTeX/tex/latex/beamer/beamerbasecompat
ibility.sty)
(C:/Users/moudy/AppData/Local/Programs/MiKTeX/tex/latex/beamer/beamerbasefont.s
ty (C:/Users/moudy/AppData/Local/Programs/MiKTeX/tex/latex/amsfonts/amssymb.sty
Package: amssymb 2013/01/14 v3.01 AMS font symbols
(C:/Users/moudy/AppData/Local/Programs/MiKTeX/tex/latex/amsfonts/amsfonts.sty
Package: amsfonts 2013/01/14 v3.01 Basic AMSFonts support
\@emptytoks=\toks38
\symAMSa=\mathgroup4
\symAMSb=\mathgroup5
LaTeX Font Info:    Redeclaring math symbol \hbar on input line 98.
LaTeX Font Info:    Overwriting math alphabet `\mathfrak' in version `bold'
(Font)                  U/euf/m/n --> U/euf/b/n on input line 106.
))
(C:/Users/moudy/AppData/Local/Programs/MiKTeX/tex/latex/sansmathaccent/sansmath
accent.sty
Package: sansmathaccent 2020/01/31

(C:/Users/moudy/AppData/Local/Programs/MiKTeX/tex/latex/koma-script/scrlfile.st
y
Package: scrlfile 2025/12/01 v3.49 KOMA-Script package (file load hooks)

(C:/Users/moudy/AppData/Local/Programs/MiKTeX/tex/latex/koma-script/scrlfile-ho
ok.sty
Package: scrlfile-hook 2025/12/01 v3.49 KOMA-Script package (using LaTeX hooks)


(C:/Users/moudy/AppData/Local/Programs/MiKTeX/tex/latex/koma-script/scrlogo.sty
Package: scrlogo 2025/12/01 v3.49 KOMA-Script package (logo)
)))))
(C:/Users/moudy/AppData/Local/Programs/MiKTeX/tex/latex/beamer/beamerbasetransl
ator.sty
(C:/Users/moudy/AppData/Local/Programs/MiKTeX/tex/latex/translator/translator.s
ty
Package: translator 2021-05-31 v1.12d Easy translation of strings in LaTeX
))
(C:/Users/moudy/AppData/Local/Programs/MiKTeX/tex/latex/beamer/beamerbasemisc.s
ty)
(C:/Users/moudy/AppData/Local/Programs/MiKTeX/tex/latex/beamer/beamerbasetwoscr
eens.sty)
(C:/Users/moudy/AppData/Local/Programs/MiKTeX/tex/latex/beamer/beamerbaseoverla
y.sty
\beamer@argscount=\count340
\beamer@lastskipcover=\skip53
\beamer@trivlistdepth=\count341
)
(C:/Users/moudy/AppData/Local/Programs/MiKTeX/tex/latex/beamer/beamerbasetitle.
sty)
(C:/Users/moudy/AppData/Local/Programs/MiKTeX/tex/latex/beamer/beamerbasesectio
n.sty
\c@lecture=\count342
\c@part=\count343
\c@section=\count344
\c@subsection=\count345
\c@subsubsection=\count346
)
(C:/Users/moudy/AppData/Local/Programs/MiKTeX/tex/latex/beamer/beamerbaseframe.
sty
\beamer@framebox=\box68
\beamer@frametitlebox=\box69
\beamer@zoombox=\box70
\beamer@zoomcount=\count347
\beamer@zoomframecount=\count348
\beamer@frametextheight=\dimen279
\c@subsectionslide=\count349
\beamer@frametopskip=\skip54
\beamer@framebottomskip=\skip55
\beamer@frametopskipautobreak=\skip56
\beamer@framebottomskipautobreak=\skip57
\beamer@envbody=\toks39
\framewidth=\dimen280
\c@framenumber=\count350
)
(C:/Users/moudy/AppData/Local/Programs/MiKTeX/tex/latex/beamer/beamerbaseverbat
im.sty
\beamer@verbatimfileout=\write4
)
(C:/Users/moudy/AppData/Local/Programs/MiKTeX/tex/latex/beamer/beamerbaseframes
ize.sty
\beamer@splitbox=\box71
\beamer@autobreakcount=\count351
\beamer@autobreaklastheight=\dimen281
\beamer@frametitletoks=\toks40
\beamer@framesubtitletoks=\toks41
)
(C:/Users/moudy/AppData/Local/Programs/MiKTeX/tex/latex/beamer/beamerbaseframec
omponents.sty
\beamer@colheight=\skip58
\beamer@footins=\box72
)
(C:/Users/moudy/AppData/Local/Programs/MiKTeX/tex/latex/beamer/beamerbasecolor.
sty)
(C:/Users/moudy/AppData/Local/Programs/MiKTeX/tex/latex/beamer/beamerbasenotes.
sty
\beamer@frameboxcopy=\box73
)
(C:/Users/moudy/AppData/Local/Programs/MiKTeX/tex/latex/beamer/beamerbasetoc.st
y)
(C:/Users/moudy/AppData/Local/Programs/MiKTeX/tex/latex/beamer/beamerbasetempla
tes.sty
\beamer@sbttoks=\toks42

(C:/Users/moudy/AppData/Local/Programs/MiKTeX/tex/latex/beamer/beamerbaseauxtem
plates.sty
(C:/Users/moudy/AppData/Local/Programs/MiKTeX/tex/latex/beamer/beamerbaseboxes.
sty
\bmb@box=\box74
\bmb@colorbox=\box75
\bmb@boxwidth=\dimen282
\bmb@boxheight=\dimen283
\bmb@prevheight=\dimen284
\bmb@temp=\dimen285
\bmb@dima=\dimen286
\bmb@dimb=\dimen287
\bmb@prevheight=\dimen288
)
\beamer@blockheadheight=\dimen289
))
(C:/Users/moudy/AppData/Local/Programs/MiKTeX/tex/latex/beamer/beamerbaselocals
tructure.sty
(C:/Users/moudy/AppData/Local/Programs/MiKTeX/tex/latex/tools/enumerate.sty
Package: enumerate 2023/07/04 v3.00 enumerate extensions (DPC)
\@enLab=\toks43
)
\beamer@bibiconwidth=\skip59
\c@figure=\count352
\c@table=\count353
\abovecaptionskip=\skip60
\belowcaptionskip=\skip61
)
(C:/Users/moudy/AppData/Local/Programs/MiKTeX/tex/latex/beamer/beamerbasenaviga
tion.sty
(C:/Users/moudy/AppData/Local/Programs/MiKTeX/tex/latex/beamer/beamerbasenaviga
tionsymbols.tex)
\beamer@section@min@dim=\dimen290
)
(C:/Users/moudy/AppData/Local/Programs/MiKTeX/tex/latex/beamer/beamerbasetheore
ms.sty
(C:/Users/moudy/AppData/Local/Programs/MiKTeX/tex/latex/amsmath/amsmath.sty
Package: amsmath 2025/07/09 v2.17z AMS math features
\@mathmargin=\skip62

For additional information on amsmath, use the `?' option.
(C:/Users/moudy/AppData/Local/Programs/MiKTeX/tex/latex/amsmath/amstext.sty
Package: amstext 2024/11/17 v2.01 AMS text

(C:/Users/moudy/AppData/Local/Programs/MiKTeX/tex/latex/amsmath/amsgen.sty
File: amsgen.sty 1999/11/30 v2.0 generic functions
\@emptytoks=\toks44
\ex@=\dimen291
))
(C:/Users/moudy/AppData/Local/Programs/MiKTeX/tex/latex/amsmath/amsbsy.sty
Package: amsbsy 1999/11/29 v1.2d Bold Symbols
\pmbraise@=\dimen292
)
(C:/Users/moudy/AppData/Local/Programs/MiKTeX/tex/latex/amsmath/amsopn.sty
Package: amsopn 2022/04/08 v2.04 operator names
)
\inf@bad=\count354
LaTeX Info: Redefining \frac on input line 235.
\uproot@=\count355
\leftroot@=\count356
LaTeX Info: Redefining \overline on input line 398.
LaTeX Info: Redefining \colon on input line 409.
\classnum@=\count357
\DOTSCASE@=\count358
LaTeX Info: Redefining \ldots on input line 495.
LaTeX Info: Redefining \dots on input line 498.
LaTeX Info: Redefining \cdots on input line 619.
\Mathstrutbox@=\box76
\strutbox@=\box77
LaTeX Info: Redefining \big on input line 721.
LaTeX Info: Redefining \Big on input line 722.
LaTeX Info: Redefining \bigg on input line 723.
LaTeX Info: Redefining \Bigg on input line 724.
\big@size=\dimen293
LaTeX Font Info:    Redeclaring font encoding OML on input line 742.
LaTeX Font Info:    Redeclaring font encoding OMS on input line 743.
\macc@depth=\count359
LaTeX Info: Redefining \bmod on input line 904.
LaTeX Info: Redefining \pmod on input line 909.
LaTeX Info: Redefining \smash on input line 939.
LaTeX Info: Redefining \relbar on input line 969.
LaTeX Info: Redefining \Relbar on input line 970.
\c@MaxMatrixCols=\count360
\dotsspace@=\muskip18
\c@parentequation=\count361
\dspbrk@lvl=\count362
\tag@help=\toks45
\row@=\count363
\column@=\count364
\maxfields@=\count365
\andhelp@=\toks46
\eqnshift@=\dimen294
\alignsep@=\dimen295
\tagshift@=\dimen296
\tagwidth@=\dimen297
\totwidth@=\dimen298
\lineht@=\dimen299
\@envbody=\toks47
\multlinegap=\skip63
\multlinetaggap=\skip64
\mathdisplay@stack=\toks48
LaTeX Info: Redefining \[ on input line 2950.
LaTeX Info: Redefining \] on input line 2951.
)
(C:/Users/moudy/AppData/Local/Programs/MiKTeX/tex/latex/amscls/amsthm.sty
Package: amsthm 2020/05/29 v2.20.6
\thm@style=\toks49
\thm@bodyfont=\toks50
\thm@headfont=\toks51
\thm@notefont=\toks52
\thm@headpunct=\toks53
\thm@preskip=\skip65
\thm@postskip=\skip66
\thm@headsep=\skip67
\dth@everypar=\toks54
)
\c@theorem=\count366
)
(C:/Users/moudy/AppData/Local/Programs/MiKTeX/tex/latex/beamer/beamerbasethemes
.sty))
(C:/Users/moudy/AppData/Local/Programs/MiKTeX/tex/latex/beamer/beamerthemedefau
lt.sty
(C:/Users/moudy/AppData/Local/Programs/MiKTeX/tex/latex/beamer/beamerfontthemed
efault.sty)
(C:/Users/moudy/AppData/Local/Programs/MiKTeX/tex/latex/beamer/beamercolortheme
default.sty)
(C:/Users/moudy/AppData/Local/Programs/MiKTeX/tex/latex/beamer/beamerinnertheme
default.sty
\beamer@dima=\dimen300
\beamer@dimb=\dimen301
)
(C:/Users/moudy/AppData/Local/Programs/MiKTeX/tex/latex/beamer/beameroutertheme
default.sty)))
(C:/Users/moudy/AppData/Local/Programs/MiKTeX/tex/latex/fontspec/fontspec.sty
(C:/Users/moudy/AppData/Local/Programs/MiKTeX/tex/latex/l3packages/xparse/xpars
e.sty
(C:/Users/moudy/AppData/Local/Programs/MiKTeX/tex/latex/l3kernel/expl3.sty
Package: expl3 2025-12-24 L3 programming layer (loader) 

(C:/Users/moudy/AppData/Local/Programs/MiKTeX/tex/latex/l3backend/l3backend-lua
tex.def
File: l3backend-luatex.def 2025-10-09 L3 backend support: PDF output (LuaTeX)
\l__color_backend_stack_int=\count367
Inserting `l3color' in `luaotfload.parse_color'.))
Package: xparse 2025-10-09 L3 Experimental document command parser
)
Package: fontspec 2025/09/29 v2.9g Font selection for XeLaTeX and LuaLaTeX
Lua module: fontspec 2025/09/29 v2.9g Font selection for XeLaTeX and LuaLaTeX
(C:/Users/moudy/AppData/Local/Programs/MiKTeX/tex/latex/fontspec/fontspec-luate
x.sty
Package: fontspec-luatex 2025/09/29 v2.9g Font selection for XeLaTeX and LuaLaT
eX
\l__fontspec_script_int=\count368
\l__fontspec_language_int=\count369
\l__fontspec_strnum_int=\count370
\l__fontspec_tmp_int=\count371
\l__fontspec_tmpa_int=\count372
\l__fontspec_tmpb_int=\count373
\l__fontspec_tmpc_int=\count374
\l__fontspec_em_int=\count375
\l__fontspec_emdef_int=\count376
\l__fontspec_strong_int=\count377
\l__fontspec_strongdef_int=\count378
\l__fontspec_tmpa_dim=\dimen302
\l__fontspec_tmpb_dim=\dimen303
\l__fontspec_tmpc_dim=\dimen304
 (C:/Users/moudy/AppData/Local/Programs/MiKTeX/tex/latex/base/fontenc.sty
Package: fontenc 2025/07/18 v2.1d Standard LaTeX package
) (C:/Users/moudy/AppData/Local/Programs/MiKTeX/tex/latex/fontspec/fontspec.cfg
))) (C:/Users/moudy/AppData/Local/Programs/MiKTeX/tex/latex/lm/lmodern.sty
Package: lmodern 2015/05/01 v1.6.1 Latin Modern Fonts
LaTeX Font Info:    Overwriting symbol font `operators' in version `normal'
(Font)                  OT1/cmr/m/n --> OT1/lmr/m/n on input line 22.
LaTeX Font Info:    Overwriting symbol font `letters' in version `normal'
(Font)                  OML/cmm/m/it --> OML/lmm/m/it on input line 23.
LaTeX Font Info:    Overwriting symbol font `symbols' in version `normal'
(Font)                  OMS/cmsy/m/n --> OMS/lmsy/m/n on input line 24.
LaTeX Font Info:    Overwriting symbol font `largesymbols' in version `normal'
(Font)                  OMX/cmex/m/n --> OMX/lmex/m/n on input line 25.
LaTeX Font Info:    Overwriting symbol font `operators' in version `bold'
(Font)                  OT1/cmr/bx/n --> OT1/lmr/bx/n on input line 26.
LaTeX Font Info:    Overwriting symbol font `letters' in version `bold'
(Font)                  OML/cmm/b/it --> OML/lmm/b/it on input line 27.
LaTeX Font Info:    Overwriting symbol font `symbols' in version `bold'
(Font)                  OMS/cmsy/b/n --> OMS/lmsy/b/n on input line 28.
LaTeX Font Info:    Overwriting symbol font `largesymbols' in version `bold'
(Font)                  OMX/cmex/m/n --> OMX/lmex/m/n on input line 29.
LaTeX Font Info:    Overwriting math alphabet `\mathbf' in version `normal'
(Font)                  OT1/cmr/bx/n --> OT1/lmr/bx/n on input line 31.
LaTeX Font Info:    Overwriting math alphabet `\mathsf' in version `normal'
(Font)                  OT1/cmss/m/n --> OT1/lmss/m/n on input line 32.
LaTeX Font Info:    Overwriting math alphabet `\mathit' in version `normal'
(Font)                  OT1/cmr/m/it --> OT1/lmr/m/it on input line 33.
LaTeX Font Info:    Overwriting math alphabet `\mathtt' in version `normal'
(Font)                  OT1/cmtt/m/n --> OT1/lmtt/m/n on input line 34.
LaTeX Font Info:    Overwriting math alphabet `\mathbf' in version `bold'
(Font)                  OT1/cmr/bx/n --> OT1/lmr/bx/n on input line 35.
LaTeX Font Info:    Overwriting math alphabet `\mathsf' in version `bold'
(Font)                  OT1/cmss/bx/n --> OT1/lmss/bx/n on input line 36.
LaTeX Font Info:    Overwriting math alphabet `\mathit' in version `bold'
(Font)                  OT1/cmr/bx/it --> OT1/lmr/bx/it on input line 37.
LaTeX Font Info:    Overwriting math alphabet `\mathtt' in version `bold'
(Font)                  OT1/cmtt/m/n --> OT1/lmtt/m/n on input line 38.
)
(./tubsCD/cdFonts.sty
Package: tubsCD/cdFonts 2025/04/03 Fonts of the Corporate Design

Package fontspec Info: 
(fontspec)             Font family 'NexusSerifPro-Regular.otf(0)' created for
(fontspec)             font 'NexusSerifPro-Regular.otf' with options
(fontspec)             [Ligatures=TeX,Path=./tubsCD/fonts/Nexus/,BoldFont =
(fontspec)             {NexusSerifPro-Bold.otf},ItalicFont =
(fontspec)             {NexusSerifPro-Italic.otf},BoldItalicFont =
(fontspec)             {NexusSerifPro-BoldItalic.otf},SlantedFeatures =
(fontspec)             {FakeSlant=0.2},SlantedFont =
(fontspec)             {NexusSerifPro-Regular.otf}].
(fontspec)              
(fontspec)              This font family consists of the following NFSS
(fontspec)             series/shapes:
(fontspec)              
(fontspec)             - 'normal' (m/n) with NFSS spec.:
(fontspec)             <->"[./tubsCD/fonts/Nexus/NexusSerifPro-Regular.otf]:mod
e=node;script=latn;language=dflt;+tlig;"
(fontspec)             - 'small caps'  (m/sc) with NFSS spec.:
(fontspec)             <->"[./tubsCD/fonts/Nexus/NexusSerifPro-Regular.otf]:mod
e=node;script=latn;language=dflt;+tlig;+smcp;"
(fontspec)             - 'bold' (b/n) with NFSS spec.:
(fontspec)             <->"[./tubsCD/fonts/Nexus/NexusSerifPro-Bold.otf]:mode=n
ode;script=latn;language=dflt;+tlig;"
(fontspec)             - 'bold small caps'  (b/sc) with NFSS spec.:
(fontspec)             <->"[./tubsCD/fonts/Nexus/NexusSerifPro-Bold.otf]:mode=n
ode;script=latn;language=dflt;+tlig;+smcp;"
(fontspec)             - 'italic' (m/it) with NFSS spec.:
(fontspec)             <->"[./tubsCD/fonts/Nexus/NexusSerifPro-Italic.otf]:mode
=node;script=latn;language=dflt;+tlig;"
(fontspec)             - 'italic small caps'  (m/scit) with NFSS spec.:
(fontspec)             <->"[./tubsCD/fonts/Nexus/NexusSerifPro-Italic.otf]:mode
=node;script=latn;language=dflt;+tlig;+smcp;"
(fontspec)             - 'slanted' (m/sl) with NFSS spec.:
(fontspec)             <->"[./tubsCD/fonts/Nexus/NexusSerifPro-Regular.otf]:mod
e=node;script=latn;language=dflt;slant=0.2;+tlig;"
(fontspec)             - 'slanted small caps'  (m/scsl) with NFSS spec.:
(fontspec)             <->"[./tubsCD/fonts/Nexus/NexusSerifPro-Regular.otf]:mod
e=node;script=latn;language=dflt;slant=0.2;+tlig;+smcp;"
(fontspec)             - 'bold italic' (b/it) with NFSS spec.:
(fontspec)             <->"[./tubsCD/fonts/Nexus/NexusSerifPro-BoldItalic.otf]:
mode=node;script=latn;language=dflt;+tlig;"
(fontspec)             - 'bold italic small caps'  (b/scit) with NFSS spec.:
(fontspec)             <->"[./tubsCD/fonts/Nexus/NexusSerifPro-BoldItalic.otf]:
mode=node;script=latn;language=dflt;+tlig;+smcp;"

) (./tubsCD/cdColors.sty
Package: tubsCD/cdColors 2024/07/28 Colors of the Corporate Design
)
(C:/Users/moudy/AppData/Local/Programs/MiKTeX/tex/latex/xkeyval/xkeyval.sty
Package: xkeyval 2022/06/16 v2.9 package option processing (HA)

(C:/Users/moudy/AppData/Local/Programs/MiKTeX/tex/generic/xkeyval/xkeyval.tex
(C:/Users/moudy/AppData/Local/Programs/MiKTeX/tex/generic/xkeyval/xkvutils.tex
\XKV@toks=\toks55
\XKV@tempa@toks=\toks56
)
\XKV@depth=\count379
File: xkeyval.tex 2014/12/03 v2.7a key=value parser (HA)
))
(C:/Users/moudy/AppData/Local/Programs/MiKTeX/tex/latex/pgf/basiclayer/pgf.sty
Package: pgf 2025-08-29 v3.1.11a (3.1.11a)

(C:/Users/moudy/AppData/Local/Programs/MiKTeX/tex/generic/pgf/modules/pgfmodule
shapes.code.tex
File: pgfmoduleshapes.code.tex 2025-08-29 v3.1.11a (3.1.11a)
\pgfnodeparttextbox=\box78
)
(C:/Users/moudy/AppData/Local/Programs/MiKTeX/tex/generic/pgf/modules/pgfmodule
plot.code.tex
File: pgfmoduleplot.code.tex 2025-08-29 v3.1.11a (3.1.11a)
)
(C:/Users/moudy/AppData/Local/Programs/MiKTeX/tex/latex/pgf/compatibility/pgfco
mp-version-0-65.sty
Package: pgfcomp-version-0-65 2025-08-29 v3.1.11a (3.1.11a)
\pgf@nodesepstart=\dimen305
\pgf@nodesepend=\dimen306
)
(C:/Users/moudy/AppData/Local/Programs/MiKTeX/tex/latex/pgf/compatibility/pgfco
mp-version-1-18.sty
Package: pgfcomp-version-1-18 2025-08-29 v3.1.11a (3.1.11a)
)) (./tubsCD/cdTUBanner.sty
Package: tubsCD/cdTUBanner 2024/09/13 TU Banner present on most Pages of the Co
rporate Design
\bannertempbox=\box79
<tubsCD/cdImages/TUBraunschweig_Siegel_R.pdf, id=10, 149.37306pt x 55.48228pt>
File: tubsCD/cdImages/TUBraunschweig_Siegel_R.pdf Graphic file (type pdf)
<use tubsCD/cdImages/TUBraunschweig_Siegel_R.pdf>
Package luatex.def Info: tubsCD/cdImages/TUBraunschweig_Siegel_R.pdf  used on i
nput line 62.
(luatex.def)             Requested size: 119.73792pt x 44.47476pt.
\bannerimagewidth=\dimen307
\bannerimageheight=\dimen308
)
(./tubsCD/cdsenderspacenumbers.tex) (./tubsCD/cdSenderspace.sty
Package: tubsCD/cdSenderspace 2025/03/17 Sender Space of the Corporate Design
)
(C:/Users/moudy/AppData/Local/Programs/MiKTeX/tex/latex/pgf/frontendlayer/tikz.
sty
(C:/Users/moudy/AppData/Local/Programs/MiKTeX/tex/latex/pgf/utilities/pgffor.st
y
(C:/Users/moudy/AppData/Local/Programs/MiKTeX/tex/generic/pgf/utilities/pgffor.
code.tex
Package: pgffor 2025-08-29 v3.1.11a (3.1.11a)
\pgffor@iter=\dimen309
\pgffor@skip=\dimen310
\pgffor@stack=\toks57
\pgffor@toks=\toks58
))
(C:/Users/moudy/AppData/Local/Programs/MiKTeX/tex/generic/pgf/frontendlayer/tik
z/tikz.code.tex
Package: tikz 2025-08-29 v3.1.11a (3.1.11a)

(C:/Users/moudy/AppData/Local/Programs/MiKTeX/tex/generic/pgf/libraries/pgflibr
aryplothandlers.code.tex
File: pgflibraryplothandlers.code.tex 2025-08-29 v3.1.11a (3.1.11a)
\pgf@plot@mark@count=\count380
\pgfplotmarksize=\dimen311
)
\tikz@lastx=\dimen312
\tikz@lasty=\dimen313
\tikz@lastxsaved=\dimen314
\tikz@lastysaved=\dimen315
\tikz@lastmovetox=\dimen316
\tikz@lastmovetoy=\dimen317
\tikzleveldistance=\dimen318
\tikzsiblingdistance=\dimen319
\tikz@figbox=\box80
\tikz@figbox@bg=\box81
\tikz@tempbox=\box82
\tikz@tempbox@bg=\box83
\tikztreelevel=\count381
\tikznumberofchildren=\count382
\tikznumberofcurrentchild=\count383
\tikz@fig@count=\count384

(C:/Users/moudy/AppData/Local/Programs/MiKTeX/tex/generic/pgf/modules/pgfmodule
matrix.code.tex
File: pgfmodulematrix.code.tex 2025-08-29 v3.1.11a (3.1.11a)
\pgfmatrixcurrentrow=\count385
\pgfmatrixcurrentcolumn=\count386
\pgf@matrix@numberofcolumns=\count387
)
\tikz@expandcount=\count388

(C:/Users/moudy/AppData/Local/Programs/MiKTeX/tex/generic/pgf/frontendlayer/tik
z/libraries/tikzlibrarytopaths.code.tex
File: tikzlibrarytopaths.code.tex 2025-08-29 v3.1.11a (3.1.11a)
)))
(C:/Users/moudy/AppData/Local/Programs/MiKTeX/tex/generic/pgf/frontendlayer/tik
z/libraries/tikzlibrarycalc.code.tex
File: tikzlibrarycalc.code.tex 2025-08-29 v3.1.11a (3.1.11a)
)
(C:/Users/moudy/AppData/Local/Programs/MiKTeX/tex/latex/xstring/xstring.sty
(C:/Users/moudy/AppData/Local/Programs/MiKTeX/tex/generic/xstring/xstring.tex
\xs_counta=\count389
\xs_countb=\count390
)
Package: xstring 2023/08/22 v1.86 String manipulations (CT)
) (C:/Users/moudy/AppData/Local/Programs/MiKTeX/tex/latex/base/ifthen.sty
Package: ifthen 2024/03/16 v1.1e Standard LaTeX ifthen package (DPC)
)
(./tubsCD/cdGaussianLayout.sty
Package: tubsCD/cdGaussianLayout 2025/03/17 Gauss Layout for most Pages of the 
Corporate Design
\c@previousGaussBoxReach=\count391
\tempbox=\box84
) (./tubsCD/cdModuleLayout.sty)
(./tubsCD/beamertheme/beamerthemecd.sty
(./tubsCD/beamertheme/beamerfontthemecd.sty
Package: tubsCD/beamertheme/beamerfontthemecd 2026/01/05 Fonts of the Corporate
 Design for Beamer
)
(./tubsCD/beamertheme/beamerinnerthemecd.sty
Package: tubsCD/beamertheme/beamerinnerthemecd 2026/01/06 Inner Theme for Beame
r in TUBS Corporate Design
)
(./tubsCD/beamertheme/beamerouterthemecd.sty
Package: tubsCD/beamertheme/beamerouterthemecd 2026/01/07 Outer Theme for Beame
r in TUBS Corporate Design
)
(./tubsCD/beamertheme/beamercolorthemecd.sty
Package: tubsCD/beamertheme/beamercolorthemecd 2026/01/06 Colors of the Corpora
te Design for Beamer
))) (./tubsCD/cdTemplateLoader.sty
Package: tubsCD/cdTemplateLoader 2025/03/18 Integration for Templates in the CD


(./templates/Praesentation.tex)
(C:/Users/moudy/AppData/Local/Programs/MiKTeX/tex/latex/natbib/natbib.sty
Package: natbib 2010/09/13 8.31b (PWD, AO)
\bibhang=\skip68
\bibsep=\skip69
LaTeX Info: Redefining \cite on input line 694.
\c@NAT@ctr=\count392
))
(./main.aux)
\openout1 = main.aux

LaTeX Font Info:    Checking defaults for OML/cmm/m/it on input line 9.
LaTeX Font Info:    ... okay on input line 9.
LaTeX Font Info:    Checking defaults for OMS/cmsy/m/n on input line 9.
LaTeX Font Info:    ... okay on input line 9.
LaTeX Font Info:    Checking defaults for OT1/cmr/m/n on input line 9.
LaTeX Font Info:    ... okay on input line 9.
LaTeX Font Info:    Checking defaults for T1/cmr/m/n on input line 9.
LaTeX Font Info:    ... okay on input line 9.
LaTeX Font Info:    Checking defaults for TS1/cmr/m/n on input line 9.
LaTeX Font Info:    ... okay on input line 9.
LaTeX Font Info:    Checking defaults for TU/lmr/m/n on input line 9.
LaTeX Font Info:    ... okay on input line 9.
LaTeX Font Info:    Checking defaults for OMX/cmex/m/n on input line 9.
LaTeX Font Info:    ... okay on input line 9.
LaTeX Font Info:    Checking defaults for U/cmr/m/n on input line 9.
LaTeX Font Info:    ... okay on input line 9.
LaTeX Font Info:    Checking defaults for PD1/pdf/m/n on input line 9.
LaTeX Font Info:    ... okay on input line 9.
LaTeX Font Info:    Checking defaults for PU/pdf/m/n on input line 9.
LaTeX Font Info:    ... okay on input line 9.

*geometry* driver: auto-detecting
*geometry* detected driver: luatex
*geometry* verbose mode - [ preamble ] result:
* driver: luatex
* paper: custom
* layout: <same size as paper>
* layoutoffset:(h,v)=(0.0pt,0.0pt)
* modes: includehead includefoot 
* h-part:(L,W,R)=(28.45274pt, 398.3386pt, 28.45274pt)
* v-part:(T,H,B)=(0.0pt, 256.0748pt, 0.0pt)
* \paperwidth=455.24408pt
* \paperheight=256.0748pt
* \textwidth=398.3386pt
* \textheight=227.62207pt
* \oddsidemargin=-43.81725pt
* \evensidemargin=-43.81725pt
* \topmargin=-72.26999pt
* \headheight=14.22636pt
* \headsep=0.0pt
* \topskip=11.0pt
* \footskip=14.22636pt
* \marginparwidth=4.0pt
* \marginparsep=10.0pt
* \columnsep=10.0pt
* \skip\footins=10.0pt plus 4.0pt minus 2.0pt
* \hoffset=0.0pt
* \voffset=0.0pt
* \mag=1000
* \@twocolumnfalse
* \@twosidefalse
* \@mparswitchfalse
* \@reversemarginfalse
* (1in=72.27pt=25.4mm, 1cm=28.453pt)


(C:/Users/moudy/AppData/Local/Programs/MiKTeX/tex/context/base/mkii/supp-pdf.mk
ii
[Loading MPS to PDF converter (version 2006.09.02).]
\scratchcounter=\count393
\scratchdimen=\dimen320
\scratchbox=\box85
\nofMPsegments=\count394
\nofMParguments=\count395
\everyMPshowfont=\toks59
\MPscratchCnt=\count396
\MPscratchDim=\dimen321
\MPnumerator=\count397
\makeMPintoPDFobject=\count398
\everyMPtoPDFconversion=\toks60
)
(C:/Users/moudy/AppData/Local/Programs/MiKTeX/tex/latex/epstopdf-pkg/epstopdf-b
ase.sty
Package: epstopdf-base 2020-01-24 v2.11 Base part for package epstopdf
Package epstopdf-base Info: Redefining graphics rule for `.eps' on input line 4
85.

(C:/Users/moudy/AppData/Local/Programs/MiKTeX/tex/latex/00miktex/epstopdf-sys.c
fg
File: epstopdf-sys.cfg 2021/03/18 v2.0 Configuration of epstopdf for MiKTeX
))
Package hyperref Info: Link coloring OFF on input line 9.
 (./main.out) (./main.out)
\@outlinefile=\write5

\openout5 = main.out
LaTeX Font Info:    Overwriting symbol font `operators' in version `normal'
(Font)                  OT1/lmr/m/n --> OT1/cmss/m/n on input line 9.
LaTeX Font Info:    Overwriting symbol font `operators' in version `bold'
(Font)                  OT1/lmr/bx/n --> OT1/cmss/b/n on input line 9.
LaTeX Font Info:    Overwriting symbol font `operators' in version `normal'
(Font)                  OT1/cmss/m/n --> OT1/lmss/m/n on input line 9.
LaTeX Font Info:    Overwriting symbol font `operators' in version `bold'
(Font)                  OT1/cmss/b/n --> OT1/lmss/b/n on input line 9.
\symnumbers=\mathgroup6
\sympureletters=\mathgroup7
LaTeX Font Info:    Overwriting math alphabet `\mathrm' in version `normal'
(Font)                  OT1/lmss/m/n --> TU/NexusSerifPro-Regular.otf(0)/m/n on
 input line 9.
LaTeX Font Info:    Redeclaring math alphabet \mathbf on input line 9.
LaTeX Font Info:    Overwriting math alphabet `\mathbf' in version `normal'
(Font)                  OT1/lmr/bx/n --> TU/lmss/b/n on input line 9.
LaTeX Font Info:    Overwriting math alphabet `\mathbf' in version `bold'
(Font)                  OT1/lmr/bx/n --> TU/lmss/b/n on input line 9.
LaTeX Font Info:    Redeclaring math alphabet \mathsf on input line 9.
LaTeX Font Info:    Overwriting math alphabet `\mathsf' in version `normal'
(Font)                  OT1/lmss/m/n --> TU/lmss/m/n on input line 9.
LaTeX Font Info:    Overwriting math alphabet `\mathsf' in version `bold'
(Font)                  OT1/lmss/bx/n --> TU/lmss/m/n on input line 9.
LaTeX Font Info:    Redeclaring math alphabet \mathit on input line 9.
LaTeX Font Info:    Overwriting math alphabet `\mathit' in version `normal'
(Font)                  OT1/lmr/m/it --> TU/lmss/m/it on input line 9.
LaTeX Font Info:    Overwriting math alphabet `\mathit' in version `bold'
(Font)                  OT1/lmr/bx/it --> TU/lmss/m/it on input line 9.
LaTeX Font Info:    Redeclaring math alphabet \mathtt on input line 9.
LaTeX Font Info:    Overwriting math alphabet `\mathtt' in version `normal'
(Font)                  OT1/lmtt/m/n --> TU/lmtt/m/n on input line 9.
LaTeX Font Info:    Overwriting math alphabet `\mathtt' in version `bold'
(Font)                  OT1/lmtt/m/n --> TU/lmtt/m/n on input line 9.
LaTeX Font Info:    Overwriting symbol font `numbers' in version `bold'
(Font)                  TU/lmss/m/n --> TU/lmss/b/n on input line 9.
LaTeX Font Info:    Overwriting symbol font `pureletters' in version `bold'
(Font)                  TU/lmss/m/it --> TU/lmss/b/it on input line 9.
LaTeX Font Info:    Overwriting math alphabet `\mathrm' in version `bold'
(Font)                  OT1/lmss/b/n --> TU/NexusSerifPro-Regular.otf(0)/b/n on
 input line 9.
LaTeX Font Info:    Overwriting math alphabet `\mathbf' in version `bold'
(Font)                  TU/lmss/b/n --> TU/lmss/b/n on input line 9.
LaTeX Font Info:    Overwriting math alphabet `\mathsf' in version `bold'
(Font)                  TU/lmss/m/n --> TU/lmss/b/n on input line 9.
LaTeX Font Info:    Overwriting math alphabet `\mathit' in version `bold'
(Font)                  TU/lmss/m/it --> TU/lmss/b/it on input line 9.
LaTeX Font Info:    Overwriting math alphabet `\mathtt' in version `bold'
(Font)                  TU/lmtt/m/n --> TU/lmtt/b/n on input line 9.

(C:/Users/moudy/AppData/Local/Programs/MiKTeX/tex/latex/translator/translator-b
asic-dictionary-English.dict
Dictionary: translator-basic-dictionary, Language: English 
)
(C:/Users/moudy/AppData/Local/Programs/MiKTeX/tex/latex/translator/translator-b
ibliography-dictionary-English.dict
Dictionary: translator-bibliography-dictionary, Language: English 
)
(C:/Users/moudy/AppData/Local/Programs/MiKTeX/tex/latex/translator/translator-e
nvironment-dictionary-English.dict
Dictionary: translator-environment-dictionary, Language: English 
)
(C:/Users/moudy/AppData/Local/Programs/MiKTeX/tex/latex/translator/translator-m
onths-dictionary-English.dict
Dictionary: translator-months-dictionary, Language: English 
)
(C:/Users/moudy/AppData/Local/Programs/MiKTeX/tex/latex/translator/translator-n
umbers-dictionary-English.dict
Dictionary: translator-numbers-dictionary, Language: English 
)
(C:/Users/moudy/AppData/Local/Programs/MiKTeX/tex/latex/translator/translator-t
heorem-dictionary-English.dict
Dictionary: translator-theorem-dictionary, Language: English 
) (./main.nav)
File: tubsCD/cdImages/TUBraunschweig_Siegel_R.pdf Graphic file (type pdf)
<use tubsCD/cdImages/TUBraunschweig_Siegel_R.pdf>
Package luatex.def Info: tubsCD/cdImages/TUBraunschweig_Siegel_R.pdf  used on i
nput line 9.
(luatex.def)             Requested size: 71.84183pt x 26.68451pt.
<tubsCD/cdImages/logo_DS.png, id=57, 132.057pt x 67.671pt>
File: tubsCD/cdImages/logo_DS.png Graphic file (type png)
<use tubsCD/cdImages/logo_DS.png>
Package luatex.def Info: tubsCD/cdImages/logo_DS.png  used on input line 9.
(luatex.def)             Requested size: 42.47672pt x 21.76666pt.
LaTeX Font Info:    Calculating math sizes for size <4> on input line 9.
LaTeX Font Info:    Trying to load font information for OT1+lmss on input line 
9.

(C:/Users/moudy/AppData/Local/Programs/MiKTeX/tex/latex/lm/ot1lmss.fd
File: ot1lmss.fd 2015/05/01 v1.6.1 Font defs for Latin Modern
)
LaTeX Font Info:    Trying to load font information for OML+lmm on input line 9
.

(C:/Users/moudy/AppData/Local/Programs/MiKTeX/tex/latex/lm/omllmm.fd
File: omllmm.fd 2015/05/01 v1.6.1 Font defs for Latin Modern
)
LaTeX Font Info:    Trying to load font information for OMS+lmsy on input line 
9.

(C:/Users/moudy/AppData/Local/Programs/MiKTeX/tex/latex/lm/omslmsy.fd
File: omslmsy.fd 2015/05/01 v1.6.1 Font defs for Latin Modern
)
LaTeX Font Info:    Trying to load font information for OMX+lmex on input line 
9.

(C:/Users/moudy/AppData/Local/Programs/MiKTeX/tex/latex/lm/omxlmex.fd
File: omxlmex.fd 2015/05/01 v1.6.1 Font defs for Latin Modern
)
LaTeX Font Info:    External font `lmex10' loaded for size
(Font)              <4> on input line 9.
LaTeX Font Info:    External font `lmex10' loaded for size
(Font)              <2.79999> on input line 9.
LaTeX Font Info:    External font `lmex10' loaded for size
(Font)              <2> on input line 9.
LaTeX Font Info:    Trying to load font information for U+msa on input line 9.

(C:/Users/moudy/AppData/Local/Programs/MiKTeX/tex/latex/amsfonts/umsa.fd
File: umsa.fd 2013/01/14 v3.01 AMS symbols A
)
LaTeX Font Info:    Trying to load font information for U+msb on input line 9.

(C:/Users/moudy/AppData/Local/Programs/MiKTeX/tex/latex/amsfonts/umsb.fd
File: umsb.fd 2013/01/14 v3.01 AMS symbols B
)
LaTeX Font Info:    Font shape `TU/lmss/m/it' in size <4> not available
(Font)              Font shape `TU/lmss/m/sl' tried instead on input line 9.
LaTeX Font Info:    Font shape `TU/lmss/m/it' in size <2.79999> not available
(Font)              Font shape `TU/lmss/m/sl' tried instead on input line 9.
LaTeX Font Info:    Font shape `TU/lmss/m/it' in size <2> not available
(Font)              Font shape `TU/lmss/m/sl' tried instead on input line 9.
File: tubsCD/cdImages/TUBraunschweig_Siegel_R.pdf Graphic file (type pdf)
<use tubsCD/cdImages/TUBraunschweig_Siegel_R.pdf>
Package luatex.def Info: tubsCD/cdImages/TUBraunschweig_Siegel_R.pdf  used on i
nput line 13.
(luatex.def)             Requested size: 71.84183pt x 26.68451pt.
File: tubsCD/cdImages/logo_DS.png Graphic file (type png)
<use tubsCD/cdImages/logo_DS.png>
Package luatex.def Info: tubsCD/cdImages/logo_DS.png  used on input line 13.
(luatex.def)             Requested size: 42.47672pt x 21.76666pt.
<tubsCD/cdImages/titlepicture.jpg, id=58, 663.9204pt x 211.0284pt>
File: tubsCD/cdImages/titlepicture.jpg Graphic file (type jpg)
<use tubsCD/cdImages/titlepicture.jpg>
Package luatex.def Info: tubsCD/cdImages/titlepicture.jpg  used on input line 1
3.
(luatex.def)             Requested size: 663.91878pt x 211.02788pt.
\imagewidth=\dimen322
\imageheight=\dimen323
File: tubsCD/cdImages/titlepicture.jpg Graphic file (type jpg)
<use tubsCD/cdImages/titlepicture.jpg>
Package luatex.def Info: tubsCD/cdImages/titlepicture.jpg  used on input line 1
3.
(luatex.def)             Requested size: 434.76468pt x 102.7559pt.
File: tubsCD/cdImages/logo_DS.png Graphic file (type png)
<use tubsCD/cdImages/logo_DS.png>
Package luatex.def Info: tubsCD/cdImages/logo_DS.png  used on input line 13.
(luatex.def)             Requested size: 59.96713pt x 30.72942pt.
File: tubsCD/cdImages/TUBraunschweig_Siegel_R.pdf Graphic file (type pdf)
<use tubsCD/cdImages/TUBraunschweig_Siegel_R.pdf>
Package luatex.def Info: tubsCD/cdImages/TUBraunschweig_Siegel_R.pdf  used on i
nput line 13.
(luatex.def)             Requested size: 119.73792pt x 44.47476pt.

[1

{C:/Users/moudy/AppData/Local/MiKTeX/fonts/map/pdftex/pdftex.map}<./tubsCD/cdIma
ges/titlepicture.jpg><./tubsCD/cdImages/logo_DS.png><./tubsCD/cdImages/TUBraunsc
hweig_Siegel_R.pdf>]
File: tubsCD/cdImages/TUBraunschweig_Siegel_R.pdf Graphic file (type pdf)
<use tubsCD/cdImages/TUBraunschweig_Siegel_R.pdf>
Package luatex.def Info: tubsCD/cdImages/TUBraunschweig_Siegel_R.pdf  used on i
nput line 17.
(luatex.def)             Requested size: 71.84183pt x 26.68451pt.
File: tubsCD/cdImages/logo_DS.png Graphic file (type png)
<use tubsCD/cdImages/logo_DS.png>
Package luatex.def Info: tubsCD/cdImages/logo_DS.png  used on input line 17.
(luatex.def)             Requested size: 42.47672pt x 21.76666pt.
 (./main.toc)
File: tubsCD/cdImages/TUBraunschweig_Siegel_R.pdf Graphic file (type pdf)
<use tubsCD/cdImages/TUBraunschweig_Siegel_R.pdf>
Package luatex.def Info: tubsCD/cdImages/TUBraunschweig_Siegel_R.pdf  used on i
nput line 17.
(luatex.def)             Requested size: 71.84183pt x 26.68451pt.
File: tubsCD/cdImages/logo_DS.png Graphic file (type png)
<use tubsCD/cdImages/logo_DS.png>
Package luatex.def Info: tubsCD/cdImages/logo_DS.png  used on input line 17.
(luatex.def)             Requested size: 42.47672pt x 21.76666pt.
 [2

]
File: tubsCD/cdImages/TUBraunschweig_Siegel_R.pdf Graphic file (type pdf)
<use tubsCD/cdImages/TUBraunschweig_Siegel_R.pdf>
Package luatex.def Info: tubsCD/cdImages/TUBraunschweig_Siegel_R.pdf  used on i
nput line 23.
(luatex.def)             Requested size: 71.84183pt x 26.68451pt.
File: tubsCD/cdImages/logo_DS.png Graphic file (type png)
<use tubsCD/cdImages/logo_DS.png>
Package luatex.def Info: tubsCD/cdImages/logo_DS.png  used on input line 23.
(luatex.def)             Requested size: 42.47672pt x 21.76666pt.
 [3

]
File: tubsCD/cdImages/TUBraunschweig_Siegel_R.pdf Graphic file (type pdf)
<use tubsCD/cdImages/TUBraunschweig_Siegel_R.pdf>
Package luatex.def Info: tubsCD/cdImages/TUBraunschweig_Siegel_R.pdf  used on i
nput line 34.
(luatex.def)             Requested size: 71.84183pt x 26.68451pt.
File: tubsCD/cdImages/logo_DS.png Graphic file (type png)
<use tubsCD/cdImages/logo_DS.png>
Package luatex.def Info: tubsCD/cdImages/logo_DS.png  used on input line 34.
(luatex.def)             Requested size: 42.47672pt x 21.76666pt.
File: tubsCD/cdImages/TUBraunschweig_Siegel_R.pdf Graphic file (type pdf)
<use tubsCD/cdImages/TUBraunschweig_Siegel_R.pdf>
Package luatex.def Info: tubsCD/cdImages/TUBraunschweig_Siegel_R.pdf  used on i
nput line 34.
(luatex.def)             Requested size: 71.84183pt x 26.68451pt.
File: tubsCD/cdImages/logo_DS.png Graphic file (type png)
<use tubsCD/cdImages/logo_DS.png>
Package luatex.def Info: tubsCD/cdImages/logo_DS.png  used on input line 34.
(luatex.def)             Requested size: 42.47672pt x 21.76666pt.
 [4

]
File: tubsCD/cdImages/TUBraunschweig_Siegel_R.pdf Graphic file (type pdf)
<use tubsCD/cdImages/TUBraunschweig_Siegel_R.pdf>
Package luatex.def Info: tubsCD/cdImages/TUBraunschweig_Siegel_R.pdf  used on i
nput line 47.
(luatex.def)             Requested size: 71.84183pt x 26.68451pt.
File: tubsCD/cdImages/logo_DS.png Graphic file (type png)
<use tubsCD/cdImages/logo_DS.png>
Package luatex.def Info: tubsCD/cdImages/logo_DS.png  used on input line 47.
(luatex.def)             Requested size: 42.47672pt x 21.76666pt.
File: tubsCD/cdImages/TUBraunschweig_Siegel_R.pdf Graphic file (type pdf)
<use tubsCD/cdImages/TUBraunschweig_Siegel_R.pdf>
Package luatex.def Info: tubsCD/cdImages/TUBraunschweig_Siegel_R.pdf  used on i
nput line 47.
(luatex.def)             Requested size: 71.84183pt x 26.68451pt.
File: tubsCD/cdImages/logo_DS.png Graphic file (type png)
<use tubsCD/cdImages/logo_DS.png>
Package luatex.def Info: tubsCD/cdImages/logo_DS.png  used on input line 47.
(luatex.def)             Requested size: 42.47672pt x 21.76666pt.
 [5

]
File: tubsCD/cdImages/TUBraunschweig_Siegel_R.pdf Graphic file (type pdf)
<use tubsCD/cdImages/TUBraunschweig_Siegel_R.pdf>
Package luatex.def Info: tubsCD/cdImages/TUBraunschweig_Siegel_R.pdf  used on i
nput line 53.
(luatex.def)             Requested size: 71.84183pt x 26.68451pt.
File: tubsCD/cdImages/logo_DS.png Graphic file (type png)
<use tubsCD/cdImages/logo_DS.png>
Package luatex.def Info: tubsCD/cdImages/logo_DS.png  used on input line 53.
(luatex.def)             Requested size: 42.47672pt x 21.76666pt.
 [6

]
File: tubsCD/cdImages/TUBraunschweig_Siegel_R.pdf Graphic file (type pdf)
<use tubsCD/cdImages/TUBraunschweig_Siegel_R.pdf>
Package luatex.def Info: tubsCD/cdImages/TUBraunschweig_Siegel_R.pdf  used on i
nput line 65.
(luatex.def)             Requested size: 71.84183pt x 26.68451pt.
File: tubsCD/cdImages/logo_DS.png Graphic file (type png)
<use tubsCD/cdImages/logo_DS.png>
Package luatex.def Info: tubsCD/cdImages/logo_DS.png  used on input line 65.
(luatex.def)             Requested size: 42.47672pt x 21.76666pt.
File: tubsCD/cdImages/TUBraunschweig_Siegel_R.pdf Graphic file (type pdf)
<use tubsCD/cdImages/TUBraunschweig_Siegel_R.pdf>
Package luatex.def Info: tubsCD/cdImages/TUBraunschweig_Siegel_R.pdf  used on i
nput line 65.
(luatex.def)             Requested size: 71.84183pt x 26.68451pt.
File: tubsCD/cdImages/logo_DS.png Graphic file (type png)
<use tubsCD/cdImages/logo_DS.png>
Package luatex.def Info: tubsCD/cdImages/logo_DS.png  used on input line 65.
(luatex.def)             Requested size: 42.47672pt x 21.76666pt.
 [7

]
File: tubsCD/cdImages/TUBraunschweig_Siegel_R.pdf Graphic file (type pdf)
<use tubsCD/cdImages/TUBraunschweig_Siegel_R.pdf>
Package luatex.def Info: tubsCD/cdImages/TUBraunschweig_Siegel_R.pdf  used on i
nput line 77.
(luatex.def)             Requested size: 71.84183pt x 26.68451pt.
File: tubsCD/cdImages/logo_DS.png Graphic file (type png)
<use tubsCD/cdImages/logo_DS.png>
Package luatex.def Info: tubsCD/cdImages/logo_DS.png  used on input line 77.
(luatex.def)             Requested size: 42.47672pt x 21.76666pt.
File: tubsCD/cdImages/TUBraunschweig_Siegel_R.pdf Graphic file (type pdf)
<use tubsCD/cdImages/TUBraunschweig_Siegel_R.pdf>
Package luatex.def Info: tubsCD/cdImages/TUBraunschweig_Siegel_R.pdf  used on i
nput line 77.
(luatex.def)             Requested size: 71.84183pt x 26.68451pt.
File: tubsCD/cdImages/logo_DS.png Graphic file (type png)
<use tubsCD/cdImages/logo_DS.png>
Package luatex.def Info: tubsCD/cdImages/logo_DS.png  used on input line 77.
(luatex.def)             Requested size: 42.47672pt x 21.76666pt.
 [8

]
File: tubsCD/cdImages/TUBraunschweig_Siegel_R.pdf Graphic file (type pdf)
<use tubsCD/cdImages/TUBraunschweig_Siegel_R.pdf>
Package luatex.def Info: tubsCD/cdImages/TUBraunschweig_Siegel_R.pdf  used on i
nput line 86.
(luatex.def)             Requested size: 71.84183pt x 26.68451pt.
File: tubsCD/cdImages/logo_DS.png Graphic file (type png)
<use tubsCD/cdImages/logo_DS.png>
Package luatex.def Info: tubsCD/cdImages/logo_DS.png  used on input line 86.
(luatex.def)             Requested size: 42.47672pt x 21.76666pt.
LaTeX Font Info:    External font `lmex10' loaded for size
(Font)              <10.95> on input line 86.
LaTeX Font Info:    External font `lmex10' loaded for size
(Font)              <8> on input line 86.
LaTeX Font Info:    External font `lmex10' loaded for size
(Font)              <6> on input line 86.
LaTeX Font Info:    Font shape `TU/lmss/m/it' in size <10.95> not available
(Font)              Font shape `TU/lmss/m/sl' tried instead on input line 86.
LaTeX Font Info:    Font shape `TU/lmss/m/it' in size <8> not available
(Font)              Font shape `TU/lmss/m/sl' tried instead on input line 86.
LaTeX Font Info:    Font shape `TU/lmss/m/it' in size <6> not available
(Font)              Font shape `TU/lmss/m/sl' tried instead on input line 86.
File: tubsCD/cdImages/TUBraunschweig_Siegel_R.pdf Graphic file (type pdf)
<use tubsCD/cdImages/TUBraunschweig_Siegel_R.pdf>
Package luatex.def Info: tubsCD/cdImages/TUBraunschweig_Siegel_R.pdf  used on i
nput line 86.
(luatex.def)             Requested size: 71.84183pt x 26.68451pt.
File: tubsCD/cdImages/logo_DS.png Graphic file (type png)
<use tubsCD/cdImages/logo_DS.png>
Package luatex.def Info: tubsCD/cdImages/logo_DS.png  used on input line 86.
(luatex.def)             Requested size: 42.47672pt x 21.76666pt.
 [9

]
File: tubsCD/cdImages/TUBraunschweig_Siegel_R.pdf Graphic file (type pdf)
<use tubsCD/cdImages/TUBraunschweig_Siegel_R.pdf>
Package luatex.def Info: tubsCD/cdImages/TUBraunschweig_Siegel_R.pdf  used on i
nput line 96.
(luatex.def)             Requested size: 71.84183pt x 26.68451pt.
File: tubsCD/cdImages/logo_DS.png Graphic file (type png)
<use tubsCD/cdImages/logo_DS.png>
Package luatex.def Info: tubsCD/cdImages/logo_DS.png  used on input line 96.
(luatex.def)             Requested size: 42.47672pt x 21.76666pt.
File: tubsCD/cdImages/TUBraunschweig_Siegel_R.pdf Graphic file (type pdf)
<use tubsCD/cdImages/TUBraunschweig_Siegel_R.pdf>
Package luatex.def Info: tubsCD/cdImages/TUBraunschweig_Siegel_R.pdf  used on i
nput line 96.
(luatex.def)             Requested size: 71.84183pt x 26.68451pt.
File: tubsCD/cdImages/logo_DS.png Graphic file (type png)
<use tubsCD/cdImages/logo_DS.png>
Package luatex.def Info: tubsCD/cdImages/logo_DS.png  used on input line 96.
(luatex.def)             Requested size: 42.47672pt x 21.76666pt.
 [10

]
File: tubsCD/cdImages/TUBraunschweig_Siegel_R.pdf Graphic file (type pdf)
<use tubsCD/cdImages/TUBraunschweig_Siegel_R.pdf>
Package luatex.def Info: tubsCD/cdImages/TUBraunschweig_Siegel_R.pdf  used on i
nput line 106.
(luatex.def)             Requested size: 71.84183pt x 26.68451pt.
File: tubsCD/cdImages/logo_DS.png Graphic file (type png)
<use tubsCD/cdImages/logo_DS.png>
Package luatex.def Info: tubsCD/cdImages/logo_DS.png  used on input line 106.
(luatex.def)             Requested size: 42.47672pt x 21.76666pt.
File: tubsCD/cdImages/TUBraunschweig_Siegel_R.pdf Graphic file (type pdf)
<use tubsCD/cdImages/TUBraunschweig_Siegel_R.pdf>
Package luatex.def Info: tubsCD/cdImages/TUBraunschweig_Siegel_R.pdf  used on i
nput line 106.
(luatex.def)             Requested size: 71.84183pt x 26.68451pt.
File: tubsCD/cdImages/logo_DS.png Graphic file (type png)
<use tubsCD/cdImages/logo_DS.png>
Package luatex.def Info: tubsCD/cdImages/logo_DS.png  used on input line 106.
(luatex.def)             Requested size: 42.47672pt x 21.76666pt.

[11

]
File: tubsCD/cdImages/TUBraunschweig_Siegel_R.pdf Graphic file (type pdf)
<use tubsCD/cdImages/TUBraunschweig_Siegel_R.pdf>
Package luatex.def Info: tubsCD/cdImages/TUBraunschweig_Siegel_R.pdf  used on i
nput line 112.
(luatex.def)             Requested size: 71.84183pt x 26.68451pt.
File: tubsCD/cdImages/logo_DS.png Graphic file (type png)
<use tubsCD/cdImages/logo_DS.png>
Package luatex.def Info: tubsCD/cdImages/logo_DS.png  used on input line 112.
(luatex.def)             Requested size: 42.47672pt x 21.76666pt.
 [12

]
File: tubsCD/cdImages/TUBraunschweig_Siegel_R.pdf Graphic file (type pdf)
<use tubsCD/cdImages/TUBraunschweig_Siegel_R.pdf>
Package luatex.def Info: tubsCD/cdImages/TUBraunschweig_Siegel_R.pdf  used on i
nput line 123.
(luatex.def)             Requested size: 71.84183pt x 26.68451pt.
File: tubsCD/cdImages/logo_DS.png Graphic file (type png)
<use tubsCD/cdImages/logo_DS.png>
Package luatex.def Info: tubsCD/cdImages/logo_DS.png  used on input line 123.
(luatex.def)             Requested size: 42.47672pt x 21.76666pt.
File: tubsCD/cdImages/TUBraunschweig_Siegel_R.pdf Graphic file (type pdf)
<use tubsCD/cdImages/TUBraunschweig_Siegel_R.pdf>
Package luatex.def Info: tubsCD/cdImages/TUBraunschweig_Siegel_R.pdf  used on i
nput line 123.
(luatex.def)             Requested size: 71.84183pt x 26.68451pt.
File: tubsCD/cdImages/logo_DS.png Graphic file (type png)
<use tubsCD/cdImages/logo_DS.png>
Package luatex.def Info: tubsCD/cdImages/logo_DS.png  used on input line 123.
(luatex.def)             Requested size: 42.47672pt x 21.76666pt.
 [13

]
File: tubsCD/cdImages/TUBraunschweig_Siegel_R.pdf Graphic file (type pdf)
<use tubsCD/cdImages/TUBraunschweig_Siegel_R.pdf>
Package luatex.def Info: tubsCD/cdImages/TUBraunschweig_Siegel_R.pdf  used on i
nput line 132.
(luatex.def)             Requested size: 71.84183pt x 26.68451pt.
File: tubsCD/cdImages/logo_DS.png Graphic file (type png)
<use tubsCD/cdImages/logo_DS.png>
Package luatex.def Info: tubsCD/cdImages/logo_DS.png  used on input line 132.
(luatex.def)             Requested size: 42.47672pt x 21.76666pt.
File: tubsCD/cdImages/TUBraunschweig_Siegel_R.pdf Graphic file (type pdf)
<use tubsCD/cdImages/TUBraunschweig_Siegel_R.pdf>
Package luatex.def Info: tubsCD/cdImages/TUBraunschweig_Siegel_R.pdf  used on i
nput line 132.
(luatex.def)             Requested size: 71.84183pt x 26.68451pt.
File: tubsCD/cdImages/logo_DS.png Graphic file (type png)
<use tubsCD/cdImages/logo_DS.png>
Package luatex.def Info: tubsCD/cdImages/logo_DS.png  used on input line 132.
(luatex.def)             Requested size: 42.47672pt x 21.76666pt.
 [14

]
File: tubsCD/cdImages/TUBraunschweig_Siegel_R.pdf Graphic file (type pdf)
<use tubsCD/cdImages/TUBraunschweig_Siegel_R.pdf>
Package luatex.def Info: tubsCD/cdImages/TUBraunschweig_Siegel_R.pdf  used on i
nput line 141.
(luatex.def)             Requested size: 71.84183pt x 26.68451pt.
File: tubsCD/cdImages/logo_DS.png Graphic file (type png)
<use tubsCD/cdImages/logo_DS.png>
Package luatex.def Info: tubsCD/cdImages/logo_DS.png  used on input line 141.
(luatex.def)             Requested size: 42.47672pt x 21.76666pt.
File: tubsCD/cdImages/TUBraunschweig_Siegel_R.pdf Graphic file (type pdf)
<use tubsCD/cdImages/TUBraunschweig_Siegel_R.pdf>
Package luatex.def Info: tubsCD/cdImages/TUBraunschweig_Siegel_R.pdf  used on i
nput line 141.
(luatex.def)             Requested size: 71.84183pt x 26.68451pt.
File: tubsCD/cdImages/logo_DS.png Graphic file (type png)
<use tubsCD/cdImages/logo_DS.png>
Package luatex.def Info: tubsCD/cdImages/logo_DS.png  used on input line 141.
(luatex.def)             Requested size: 42.47672pt x 21.76666pt.
 [15

]
File: tubsCD/cdImages/TUBraunschweig_Siegel_R.pdf Graphic file (type pdf)
<use tubsCD/cdImages/TUBraunschweig_Siegel_R.pdf>
Package luatex.def Info: tubsCD/cdImages/TUBraunschweig_Siegel_R.pdf  used on i
nput line 151.
(luatex.def)             Requested size: 71.84183pt x 26.68451pt.
File: tubsCD/cdImages/logo_DS.png Graphic file (type png)
<use tubsCD/cdImages/logo_DS.png>
Package luatex.def Info: tubsCD/cdImages/logo_DS.png  used on input line 151.
(luatex.def)             Requested size: 42.47672pt x 21.76666pt.
File: tubsCD/cdImages/TUBraunschweig_Siegel_R.pdf Graphic file (type pdf)
<use tubsCD/cdImages/TUBraunschweig_Siegel_R.pdf>
Package luatex.def Info: tubsCD/cdImages/TUBraunschweig_Siegel_R.pdf  used on i
nput line 151.
(luatex.def)             Requested size: 71.84183pt x 26.68451pt.
File: tubsCD/cdImages/logo_DS.png Graphic file (type png)
<use tubsCD/cdImages/logo_DS.png>
Package luatex.def Info: tubsCD/cdImages/logo_DS.png  used on input line 151.
(luatex.def)             Requested size: 42.47672pt x 21.76666pt.
 [16

]
File: tubsCD/cdImages/TUBraunschweig_Siegel_R.pdf Graphic file (type pdf)
<use tubsCD/cdImages/TUBraunschweig_Siegel_R.pdf>
Package luatex.def Info: tubsCD/cdImages/TUBraunschweig_Siegel_R.pdf  used on i
nput line 162.
(luatex.def)             Requested size: 71.84183pt x 26.68451pt.
File: tubsCD/cdImages/logo_DS.png Graphic file (type png)
<use tubsCD/cdImages/logo_DS.png>
Package luatex.def Info: tubsCD/cdImages/logo_DS.png  used on input line 162.
(luatex.def)             Requested size: 42.47672pt x 21.76666pt.
File: tubsCD/cdImages/TUBraunschweig_Siegel_R.pdf Graphic file (type pdf)
<use tubsCD/cdImages/TUBraunschweig_Siegel_R.pdf>
Package luatex.def Info: tubsCD/cdImages/TUBraunschweig_Siegel_R.pdf  used on i
nput line 162.
(luatex.def)             Requested size: 71.84183pt x 26.68451pt.
File: tubsCD/cdImages/logo_DS.png Graphic file (type png)
<use tubsCD/cdImages/logo_DS.png>
Package luatex.def Info: tubsCD/cdImages/logo_DS.png  used on input line 162.
(luatex.def)             Requested size: 42.47672pt x 21.76666pt.
 [17

]
File: tubsCD/cdImages/TUBraunschweig_Siegel_R.pdf Graphic file (type pdf)
<use tubsCD/cdImages/TUBraunschweig_Siegel_R.pdf>
Package luatex.def Info: tubsCD/cdImages/TUBraunschweig_Siegel_R.pdf  used on i
nput line 168.
(luatex.def)             Requested size: 71.84183pt x 26.68451pt.
File: tubsCD/cdImages/logo_DS.png Graphic file (type png)
<use tubsCD/cdImages/logo_DS.png>
Package luatex.def Info: tubsCD/cdImages/logo_DS.png  used on input line 168.
(luatex.def)             Requested size: 42.47672pt x 21.76666pt.
 [18

]
File: tubsCD/cdImages/TUBraunschweig_Siegel_R.pdf Graphic file (type pdf)
<use tubsCD/cdImages/TUBraunschweig_Siegel_R.pdf>
Package luatex.def Info: tubsCD/cdImages/TUBraunschweig_Siegel_R.pdf  used on i
nput line 182.
(luatex.def)             Requested size: 71.84183pt x 26.68451pt.
File: tubsCD/cdImages/logo_DS.png Graphic file (type png)
<use tubsCD/cdImages/logo_DS.png>
Package luatex.def Info: tubsCD/cdImages/logo_DS.png  used on input line 182.
(luatex.def)             Requested size: 42.47672pt x 21.76666pt.
File: tubsCD/cdImages/TUBraunschweig_Siegel_R.pdf Graphic file (type pdf)
<use tubsCD/cdImages/TUBraunschweig_Siegel_R.pdf>
Package luatex.def Info: tubsCD/cdImages/TUBraunschweig_Siegel_R.pdf  used on i
nput line 182.
(luatex.def)             Requested size: 71.84183pt x 26.68451pt.
File: tubsCD/cdImages/logo_DS.png Graphic file (type png)
<use tubsCD/cdImages/logo_DS.png>
Package luatex.def Info: tubsCD/cdImages/logo_DS.png  used on input line 182.
(luatex.def)             Requested size: 42.47672pt x 21.76666pt.
 [19

]
File: tubsCD/cdImages/TUBraunschweig_Siegel_R.pdf Graphic file (type pdf)
<use tubsCD/cdImages/TUBraunschweig_Siegel_R.pdf>
Package luatex.def Info: tubsCD/cdImages/TUBraunschweig_Siegel_R.pdf  used on i
nput line 188.
(luatex.def)             Requested size: 71.84183pt x 26.68451pt.
File: tubsCD/cdImages/logo_DS.png Graphic file (type png)
<use tubsCD/cdImages/logo_DS.png>
Package luatex.def Info: tubsCD/cdImages/logo_DS.png  used on input line 188.
(luatex.def)             Requested size: 42.47672pt x 21.76666pt.
 [20

]
File: tubsCD/cdImages/TUBraunschweig_Siegel_R.pdf Graphic file (type pdf)
<use tubsCD/cdImages/TUBraunschweig_Siegel_R.pdf>
Package luatex.def Info: tubsCD/cdImages/TUBraunschweig_Siegel_R.pdf  used on i
nput line 200.
(luatex.def)             Requested size: 71.84183pt x 26.68451pt.
File: tubsCD/cdImages/logo_DS.png Graphic file (type png)
<use tubsCD/cdImages/logo_DS.png>
Package luatex.def Info: tubsCD/cdImages/logo_DS.png  used on input line 200.
(luatex.def)             Requested size: 42.47672pt x 21.76666pt.
File: tubsCD/cdImages/TUBraunschweig_Siegel_R.pdf Graphic file (type pdf)
<use tubsCD/cdImages/TUBraunschweig_Siegel_R.pdf>
Package luatex.def Info: tubsCD/cdImages/TUBraunschweig_Siegel_R.pdf  used on i
nput line 200.
(luatex.def)             Requested size: 71.84183pt x 26.68451pt.
File: tubsCD/cdImages/logo_DS.png Graphic file (type png)
<use tubsCD/cdImages/logo_DS.png>
Package luatex.def Info: tubsCD/cdImages/logo_DS.png  used on input line 200.
(luatex.def)             Requested size: 42.47672pt x 21.76666pt.
 [21

]
File: tubsCD/cdImages/TUBraunschweig_Siegel_R.pdf Graphic file (type pdf)
<use tubsCD/cdImages/TUBraunschweig_Siegel_R.pdf>
Package luatex.def Info: tubsCD/cdImages/TUBraunschweig_Siegel_R.pdf  used on i
nput line 211.
(luatex.def)             Requested size: 71.84183pt x 26.68451pt.
File: tubsCD/cdImages/logo_DS.png Graphic file (type png)
<use tubsCD/cdImages/logo_DS.png>
Package luatex.def Info: tubsCD/cdImages/logo_DS.png  used on input line 211.
(luatex.def)             Requested size: 42.47672pt x 21.76666pt.
File: tubsCD/cdImages/TUBraunschweig_Siegel_R.pdf Graphic file (type pdf)
<use tubsCD/cdImages/TUBraunschweig_Siegel_R.pdf>
Package luatex.def Info: tubsCD/cdImages/TUBraunschweig_Siegel_R.pdf  used on i
nput line 211.
(luatex.def)             Requested size: 71.84183pt x 26.68451pt.
File: tubsCD/cdImages/logo_DS.png Graphic file (type png)
<use tubsCD/cdImages/logo_DS.png>
Package luatex.def Info: tubsCD/cdImages/logo_DS.png  used on input line 211.
(luatex.def)             Requested size: 42.47672pt x 21.76666pt.
 [22

]
File: tubsCD/cdImages/TUBraunschweig_Siegel_R.pdf Graphic file (type pdf)
<use tubsCD/cdImages/TUBraunschweig_Siegel_R.pdf>
Package luatex.def Info: tubsCD/cdImages/TUBraunschweig_Siegel_R.pdf  used on i
nput line 220.
(luatex.def)             Requested size: 71.84183pt x 26.68451pt.
File: tubsCD/cdImages/logo_DS.png Graphic file (type png)
<use tubsCD/cdImages/logo_DS.png>
Package luatex.def Info: tubsCD/cdImages/logo_DS.png  used on input line 220.
(luatex.def)             Requested size: 42.47672pt x 21.76666pt.
File: tubsCD/cdImages/TUBraunschweig_Siegel_R.pdf Graphic file (type pdf)
<use tubsCD/cdImages/TUBraunschweig_Siegel_R.pdf>
Package luatex.def Info: tubsCD/cdImages/TUBraunschweig_Siegel_R.pdf  used on i
nput line 220.
(luatex.def)             Requested size: 71.84183pt x 26.68451pt.
File: tubsCD/cdImages/logo_DS.png Graphic file (type png)
<use tubsCD/cdImages/logo_DS.png>
Package luatex.def Info: tubsCD/cdImages/logo_DS.png  used on input line 220.
(luatex.def)             Requested size: 42.47672pt x 21.76666pt.
 [23

]
File: tubsCD/cdImages/TUBraunschweig_Siegel_R.pdf Graphic file (type pdf)
<use tubsCD/cdImages/TUBraunschweig_Siegel_R.pdf>
Package luatex.def Info: tubsCD/cdImages/TUBraunschweig_Siegel_R.pdf  used on i
nput line 225.
(luatex.def)             Requested size: 71.84183pt x 26.68451pt.
File: tubsCD/cdImages/logo_DS.png Graphic file (type png)
<use tubsCD/cdImages/logo_DS.png>
Package luatex.def Info: tubsCD/cdImages/logo_DS.png  used on input line 225.
(luatex.def)             Requested size: 42.47672pt x 21.76666pt.
 (./main.bbl)
File: tubsCD/cdImages/TUBraunschweig_Siegel_R.pdf Graphic file (type pdf)
<use tubsCD/cdImages/TUBraunschweig_Siegel_R.pdf>
Package luatex.def Info: tubsCD/cdImages/TUBraunschweig_Siegel_R.pdf  used on i
nput line 225.
(luatex.def)             Requested size: 71.84183pt x 26.68451pt.
File: tubsCD/cdImages/logo_DS.png Graphic file (type png)
<use tubsCD/cdImages/logo_DS.png>
Package luatex.def Info: tubsCD/cdImages/logo_DS.png  used on input line 225.
(luatex.def)             Requested size: 42.47672pt x 21.76666pt.

[24

]
\tf@nav=\write6

\openout6 = main.nav
\tf@toc=\write7

\openout7 = main.toc
\tf@snm=\write8

\openout8 = main.snm
 (./main.aux)
 ***********
LaTeX2e <2025-11-01>
L3 programming layer <2025-12-24>
 ***********
Package rerunfilecheck Info: File `main.out' has not changed.
(rerunfilecheck)             Checksum: E3697D5DFDF7D975B465B02879AEBDEB;1186.
)

Here is how much of LuaTeX's memory you used:
 31426 strings out of 476081
 100000,1144653 words of node,token memory allocated
 7116 words of node memory still in use:
   62 hlist, 10 vlist, 8 rule, 35 disc, 6 local_par, 159 glue, 35 kern, 31 penal
ty, 448 glyph, 253 attribute, 64 glue_spec, 132 attribute_list, 8 write, 2 pdf_s
tart_link, 2 pdf_end_link, 3 pdf_dest, 3 pdf_action, 50 pdf_colorstack, 1 pdf_se
tmatrix, 1 pdf_save, 1 pdf_restore nodes
   avail lists: 2:1126,3:672,4:243,5:137,6:35,7:1594,8:48,9:451,10:16,11:86
 52546 multiletter control sequences out of 65536+600000
 74 fonts using 6480143 bytes
 144i,18n,131p,445b,996s stack positions out of 10000i,1000n,20000p,200000b,200000s
<c:/users/moudy/appdata/local/programs/miktex/fonts/opentype/public/lm/lmsans10-
oblique.otf>{C:/Users/moudy/AppData/Local/Programs/MiKTeX/fonts/enc/dvips/lm/lm-
rm.enc}{C:/Users/moudy/AppData/Local/Programs/MiKTeX/fonts/enc/dvips/lm/lm-maths
y.enc}<c:/users/moudy/appdata/local/programs/miktex/fonts/opentype/public/lm/lmm
ono10-regular.otf><c:/users/moudy/appdata/local/programs/miktex/fonts/opentype/p
ublic/lm/lmsans17-regular.otf><c:/users/moudy/appdata/local/programs/miktex/font
s/opentype/public/lm/lmsans8-regular.otf><c:/users/moudy/appdata/local/programs/
miktex/fonts/opentype/public/lm/lmsans10-regular.otf><c:/users/moudy/appdata/loc
al/programs/miktex/fonts/opentype/public/lm/lmsans12-regular.otf><c:/users/moudy
/appdata/local/programs/miktex/fonts/opentype/public/lm/lmsans10-bold.otf><C:/Us
ers/moudy/AppData/Local/Programs/MiKTeX/fonts/type1/public/lm/lmss10.pfb><C:/Use
rs/moudy/AppData/Local/Programs/MiKTeX/fonts/type1/public/lm/lmsy10.pfb>
Output written on main.pdf (24 pages, 677691 bytes).

PDF statistics: 340 PDF objects out of 1000 (max. 8388607)
 62 named destinations out of 1000 (max. 1048576)
 114 words of extra memory for PDF output out of 10000 (max. 100000000)

